<?xml version="1.0" encoding="UTF-8"?>
<testsuite name="com.aninfo.integration.cucumber.CucumberTest" tests="42" skipped="0" failures="0" errors="0" timestamp="2023-11-30T20:44:38" hostname="valentin-750XFG" time="0.526">
  <properties/>
  <testcase name="Given No tickets to access" classname="com.aninfo.integration.cucumber.CucumberTest" time="0.0"/>
  <testcase name="When Trying to get tickets" classname="com.aninfo.integration.cucumber.CucumberTest" time="0.0"/>
  <testcase name="Then I get no tickets" classname="com.aninfo.integration.cucumber.CucumberTest" time="0.0"/>
  <testcase name="Given Two tickets" classname="com.aninfo.integration.cucumber.CucumberTest" time="0.0"/>
  <testcase name="When Trying to get tickets" classname="com.aninfo.integration.cucumber.CucumberTest" time="0.0"/>
  <testcase name="Then I get two tickets" classname="com.aninfo.integration.cucumber.CucumberTest" time="0.0"/>
  <testcase name="Given Ticket with name Ticket1 because of accesing" classname="com.aninfo.integration.cucumber.CucumberTest" time="0.001"/>
  <testcase name="When Trying to find ticket with name Ticket1" classname="com.aninfo.integration.cucumber.CucumberTest" time="0.0"/>
  <testcase name="Then I get the ticket appropriately" classname="com.aninfo.integration.cucumber.CucumberTest" time="0.0"/>
  <testcase name="Given Ticket with name MyTicket1 because of accesing" classname="com.aninfo.integration.cucumber.CucumberTest" time="0.0"/>
  <testcase name="When Trying to find ticket with name MyTicket2" classname="com.aninfo.integration.cucumber.CucumberTest" time="0.0"/>
  <testcase name="Then I get an Invalid Ticket Exception because of accessing" classname="com.aninfo.integration.cucumber.CucumberTest" time="0.0"/>
  <testcase name="Given No ticket with name ticket1" classname="com.aninfo.integration.cucumber.CucumberTest" time="0.0"/>
  <testcase name="When Trying to create a ticket with name ticket1" classname="com.aninfo.integration.cucumber.CucumberTest" time="0.0"/>
  <testcase name="Then It is created successfully" classname="com.aninfo.integration.cucumber.CucumberTest" time="0.0"/>
  <testcase name="And Ticket is named ticket1" classname="com.aninfo.integration.cucumber.CucumberTest" time="0.0"/>
  <testcase name="Given A ticket with status NOT STARTED" classname="com.aninfo.integration.cucumber.CucumberTest" time="0.0"/>
  <testcase name="When Trying to edit the status from NOT STARTED to IN PROGRESS" classname="com.aninfo.integration.cucumber.CucumberTest" time="0.0"/>
  <testcase name="Then Status is edited successfully" classname="com.aninfo.integration.cucumber.CucumberTest" time="0.0"/>
  <testcase name="Given A ticket with severity S1" classname="com.aninfo.integration.cucumber.CucumberTest" time="0.0"/>
  <testcase name="When Trying to edit the severity from S1 to S2" classname="com.aninfo.integration.cucumber.CucumberTest" time="0.0"/>
  <testcase name="Then Severity is edited successfully" classname="com.aninfo.integration.cucumber.CucumberTest" time="0.0"/>
  <testcase name="Given A ticket with priority LOW" classname="com.aninfo.integration.cucumber.CucumberTest" time="0.0"/>
  <testcase name="When Trying to edit the priority from LOW to HIGH" classname="com.aninfo.integration.cucumber.CucumberTest" time="0.0"/>
  <testcase name="Then Priority is edited successfully" classname="com.aninfo.integration.cucumber.CucumberTest" time="0.0"/>
  <testcase name="Given A ticket with an empty info" classname="com.aninfo.integration.cucumber.CucumberTest" time="0.0"/>
  <testcase name="When Trying to edit the info to a different one" classname="com.aninfo.integration.cucumber.CucumberTest" time="0.0"/>
  <testcase name="Then Info is edited successfully" classname="com.aninfo.integration.cucumber.CucumberTest" time="0.001"/>
  <testcase name="Given A ticket with name ticket1" classname="com.aninfo.integration.cucumber.CucumberTest" time="0.0"/>
  <testcase name="When Trying to edit the name from ticket1 to ticket2" classname="com.aninfo.integration.cucumber.CucumberTest" time="0.0"/>
  <testcase name="Then Name is edited successfully" classname="com.aninfo.integration.cucumber.CucumberTest" time="0.0"/>
  <testcase name="Given Two tickets with names ticket1 and ticket2" classname="com.aninfo.integration.cucumber.CucumberTest" time="0.0"/>
  <testcase name="When Trying to edit the name of ticket1 to the same name of ticket2" classname="com.aninfo.integration.cucumber.CucumberTest" time="0.0"/>
  <testcase name="Then I get a Ticket Name Already Taken Exception" classname="com.aninfo.integration.cucumber.CucumberTest" time="0.0"/>
  <testcase name="And It remain with the original name" classname="com.aninfo.integration.cucumber.CucumberTest" time="0.0"/>
  <testcase name="Given A ticket" classname="com.aninfo.integration.cucumber.CucumberTest" time="0.001"/>
  <testcase name="When Searching this ticket by it's code" classname="com.aninfo.integration.cucumber.CucumberTest" time="0.0"/>
  <testcase name="Then It is found successfully" classname="com.aninfo.integration.cucumber.CucumberTest" time="0.0"/>
  <testcase name="And The ticket's code matches" classname="com.aninfo.integration.cucumber.CucumberTest" time="0.0"/>
  <testcase name="Given No tickets to search" classname="com.aninfo.integration.cucumber.CucumberTest" time="0.0"/>
  <testcase name="When Searching this ticket by it's code" classname="com.aninfo.integration.cucumber.CucumberTest" time="0.0"/>
  <testcase name="Then I get an Invalid Ticket Exception because of searching" classname="com.aninfo.integration.cucumber.CucumberTest" time="0.0"/>
  <system-out><![CDATA[17:44:34.331 [Test worker] DEBUG org.springframework.test.context.BootstrapUtils - Instantiating CacheAwareContextLoaderDelegate from class [org.springframework.test.context.cache.DefaultCacheAwareContextLoaderDelegate]
17:44:34.347 [Test worker] DEBUG org.springframework.test.context.BootstrapUtils - Instantiating BootstrapContext using constructor [public org.springframework.test.context.support.DefaultBootstrapContext(java.lang.Class,org.springframework.test.context.CacheAwareContextLoaderDelegate)]
17:44:34.386 [Test worker] DEBUG org.springframework.test.context.BootstrapUtils - Instantiating TestContextBootstrapper for test class [com.aninfo.integration.cucumber.TicketSearchTest] from class [org.springframework.boot.test.context.SpringBootTestContextBootstrapper]
17:44:34.403 [Test worker] DEBUG org.springframework.test.context.support.AbstractContextLoader - Did not detect default resource location for test class [com.aninfo.integration.cucumber.TicketIntegrationServiceTest]: class path resource [com/aninfo/integration/cucumber/TicketIntegrationServiceTest-context.xml] does not exist
17:44:34.403 [Test worker] DEBUG org.springframework.test.context.support.AbstractContextLoader - Did not detect default resource location for test class [com.aninfo.integration.cucumber.TicketIntegrationServiceTest]: class path resource [com/aninfo/integration/cucumber/TicketIntegrationServiceTestContext.groovy] does not exist
17:44:34.404 [Test worker] INFO org.springframework.test.context.support.AbstractContextLoader - Could not detect default resource locations for test class [com.aninfo.integration.cucumber.TicketIntegrationServiceTest]: no resource found for suffixes {-context.xml, Context.groovy}.
17:44:34.424 [Test worker] DEBUG org.springframework.test.context.support.ActiveProfilesUtils - Could not find an 'annotation declaring class' for annotation type [org.springframework.test.context.ActiveProfiles] and class [com.aninfo.integration.cucumber.TicketSearchTest]
17:44:34.500 [Test worker] DEBUG org.springframework.boot.test.context.SpringBootTestContextBootstrapper - @TestExecutionListeners is not present for class [com.aninfo.integration.cucumber.TicketSearchTest]: using defaults.
17:44:34.500 [Test worker] INFO org.springframework.boot.test.context.SpringBootTestContextBootstrapper - Loaded default TestExecutionListener class names from location [META-INF/spring.factories]: [org.springframework.boot.test.autoconfigure.restdocs.RestDocsTestExecutionListener, org.springframework.boot.test.autoconfigure.web.client.MockRestServiceServerResetTestExecutionListener, org.springframework.boot.test.autoconfigure.web.servlet.MockMvcPrintOnlyOnFailureTestExecutionListener, org.springframework.boot.test.autoconfigure.web.servlet.WebDriverTestExecutionListener, org.springframework.boot.test.mock.mockito.MockitoTestExecutionListener, org.springframework.boot.test.mock.mockito.ResetMocksTestExecutionListener, org.springframework.test.context.web.ServletTestExecutionListener, org.springframework.test.context.support.DirtiesContextBeforeModesTestExecutionListener, org.springframework.test.context.support.DependencyInjectionTestExecutionListener, org.springframework.test.context.support.DirtiesContextTestExecutionListener, org.springframework.test.context.transaction.TransactionalTestExecutionListener, org.springframework.test.context.jdbc.SqlScriptsTestExecutionListener, org.springframework.test.context.event.EventPublishingTestExecutionListener]
17:44:34.508 [Test worker] INFO org.springframework.boot.test.context.SpringBootTestContextBootstrapper - Using TestExecutionListeners: [org.springframework.test.context.web.ServletTestExecutionListener@1a338c5b, org.springframework.test.context.support.DirtiesContextBeforeModesTestExecutionListener@670884f0, org.springframework.boot.test.mock.mockito.MockitoTestExecutionListener@10f0e659, org.springframework.boot.test.autoconfigure.SpringBootDependencyInjectionTestExecutionListener@168e9e70, org.springframework.test.context.support.DirtiesContextTestExecutionListener@10d989ae, org.springframework.test.context.transaction.TransactionalTestExecutionListener@3355b041, org.springframework.test.context.jdbc.SqlScriptsTestExecutionListener@24005a5c, org.springframework.test.context.event.EventPublishingTestExecutionListener@469f2db2, org.springframework.boot.test.autoconfigure.restdocs.RestDocsTestExecutionListener@1a574836, org.springframework.boot.test.autoconfigure.web.client.MockRestServiceServerResetTestExecutionListener@41e2485, org.springframework.boot.test.autoconfigure.web.servlet.MockMvcPrintOnlyOnFailureTestExecutionListener@226a5ce0, org.springframework.boot.test.autoconfigure.web.servlet.WebDriverTestExecutionListener@1d2717a2, org.springframework.boot.test.mock.mockito.ResetMocksTestExecutionListener@3d91eac8]
17:44:34.522 [Test worker] DEBUG org.springframework.test.context.support.TestPropertySourceUtils - Adding inlined properties to environment: {spring.jmx.enabled=false, org.springframework.boot.test.context.SpringBootTestContextBootstrapper=true, server.port=-1}

  .   ____          _            __ _ _
 /\\ / ___'_ __ _ _(_)_ __  __ _ \ \ \ \
( ( )\___ | '_ | '_| | '_ \/ _` | \ \ \ \
 \\/  ___)| |_)| | | | | || (_| |  ) ) ) )
  '  |____| .__|_| |_|_| |_\__, | / / / /
 =========|_|==============|___/=/_/_/_/
 :: Spring Boot ::        (v2.2.5.RELEASE)

2023-11-30 17:44:34.722  INFO 7956 --- [    Test worker] c.a.i.cucumber.TicketSearchTest          : Starting TicketSearchTest on valentin-750XFG with PID 7956 (started by valentin in /home/valentin/ANALISIS_DE_LA_INFORMACION/TPG/squad_3_2023_2c)
2023-11-30 17:44:34.723  INFO 7956 --- [    Test worker] c.a.i.cucumber.TicketSearchTest          : No active profile set, falling back to default profiles: default
2023-11-30 17:44:35.310  INFO 7956 --- [    Test worker] .s.d.r.c.RepositoryConfigurationDelegate : Bootstrapping Spring Data JPA repositories in DEFAULT mode.
2023-11-30 17:44:35.392  INFO 7956 --- [    Test worker] .s.d.r.c.RepositoryConfigurationDelegate : Finished Spring Data repository scanning in 77ms. Found 1 JPA repository interfaces.
2023-11-30 17:44:36.131  INFO 7956 --- [    Test worker] o.hibernate.jpa.internal.util.LogHelper  : HHH000204: Processing PersistenceUnitInfo [name: default]
2023-11-30 17:44:36.197  INFO 7956 --- [    Test worker] org.hibernate.Version                    : HHH000412: Hibernate ORM core version 5.4.12.Final
2023-11-30 17:44:36.271  INFO 7956 --- [    Test worker] o.hibernate.annotations.common.Version   : HCANN000001: Hibernate Commons Annotations {5.1.0.Final}
2023-11-30 17:44:36.340  INFO 7956 --- [    Test worker] com.zaxxer.hikari.HikariDataSource       : HikariPool-1 - Starting...
2023-11-30 17:44:36.442  INFO 7956 --- [    Test worker] com.zaxxer.hikari.HikariDataSource       : HikariPool-1 - Start completed.
2023-11-30 17:44:36.451  INFO 7956 --- [    Test worker] org.hibernate.dialect.Dialect            : HHH000400: Using dialect: org.hibernate.dialect.H2Dialect
Hibernate: 
    
    drop table ticket if exists
Hibernate: 
    
    drop sequence if exists hibernate_sequence
Hibernate: create sequence hibernate_sequence start with 1 increment by 1
Hibernate: 
    
    create table ticket (
       code bigint not null,
        creator varchar(255),
        estimated_finish_date date,
        info varchar(255),
        name varchar(255),
        priority integer,
        severity integer,
        start_date date,
        status integer,
        primary key (code)
    )
2023-11-30 17:44:36.852  INFO 7956 --- [    Test worker] o.h.e.t.j.p.i.JtaPlatformInitiator       : HHH000490: Using JtaPlatform implementation: [org.hibernate.engine.transaction.jta.platform.internal.NoJtaPlatform]
2023-11-30 17:44:36.860  INFO 7956 --- [    Test worker] j.LocalContainerEntityManagerFactoryBean : Initialized JPA EntityManagerFactory for persistence unit 'default'
2023-11-30 17:44:37.359  WARN 7956 --- [    Test worker] JpaBaseConfiguration$JpaWebConfiguration : spring.jpa.open-in-view is enabled by default. Therefore, database queries may be performed during view rendering. Explicitly configure spring.jpa.open-in-view to disable this warning
2023-11-30 17:44:37.916  INFO 7956 --- [    Test worker] o.s.s.concurrent.ThreadPoolTaskExecutor  : Initializing ExecutorService 'applicationTaskExecutor'
2023-11-30 17:44:38.132  INFO 7956 --- [    Test worker] o.s.b.a.h2.H2ConsoleAutoConfiguration    : H2 console available at '/h2-console'. Database available at 'jdbc:h2:mem:DBNAME'
2023-11-30 17:44:38.473  INFO 7956 --- [    Test worker] c.a.i.cucumber.TicketSearchTest          : Started TicketSearchTest in 3.945 seconds (JVM running for 4.883)
Before any test execution
Before any test execution
Before any test execution
Before any test execution
Hibernate: 
    select
        ticket0_.code as code1_0_,
        ticket0_.creator as creator2_0_,
        ticket0_.estimated_finish_date as estimate3_0_,
        ticket0_.info as info4_0_,
        ticket0_.name as name5_0_,
        ticket0_.priority as priority6_0_,
        ticket0_.severity as severity7_0_,
        ticket0_.start_date as start_da8_0_,
        ticket0_.status as status9_0_ 
    from
        ticket ticket0_
Resetting system
Hibernate: 
    select
        ticket0_.code as code1_0_,
        ticket0_.creator as creator2_0_,
        ticket0_.estimated_finish_date as estimate3_0_,
        ticket0_.info as info4_0_,
        ticket0_.name as name5_0_,
        ticket0_.priority as priority6_0_,
        ticket0_.severity as severity7_0_,
        ticket0_.start_date as start_da8_0_,
        ticket0_.status as status9_0_ 
    from
        ticket ticket0_
Resetting system
Hibernate: 
    select
        ticket0_.code as code1_0_,
        ticket0_.creator as creator2_0_,
        ticket0_.estimated_finish_date as estimate3_0_,
        ticket0_.info as info4_0_,
        ticket0_.name as name5_0_,
        ticket0_.priority as priority6_0_,
        ticket0_.severity as severity7_0_,
        ticket0_.start_date as start_da8_0_,
        ticket0_.status as status9_0_ 
    from
        ticket ticket0_
Resetting system
Hibernate: 
    select
        ticket0_.code as code1_0_,
        ticket0_.creator as creator2_0_,
        ticket0_.estimated_finish_date as estimate3_0_,
        ticket0_.info as info4_0_,
        ticket0_.name as name5_0_,
        ticket0_.priority as priority6_0_,
        ticket0_.severity as severity7_0_,
        ticket0_.start_date as start_da8_0_,
        ticket0_.status as status9_0_ 
    from
        ticket ticket0_
Resetting system
Hibernate: 
    select
        ticket0_.code as code1_0_,
        ticket0_.creator as creator2_0_,
        ticket0_.estimated_finish_date as estimate3_0_,
        ticket0_.info as info4_0_,
        ticket0_.name as name5_0_,
        ticket0_.priority as priority6_0_,
        ticket0_.severity as severity7_0_,
        ticket0_.start_date as start_da8_0_,
        ticket0_.status as status9_0_ 
    from
        ticket ticket0_
2023-11-30 17:44:38.830  INFO 7956 --- [    Test worker] o.s.t.c.support.AbstractContextLoader    : Could not detect default resource locations for test class [com.aninfo.integration.cucumber.TicketIntegrationServiceTest]: no resource found for suffixes {-context.xml, Context.groovy}.
2023-11-30 17:44:38.833  INFO 7956 --- [    Test worker] .b.t.c.SpringBootTestContextBootstrapper : Loaded default TestExecutionListener class names from location [META-INF/spring.factories]: [org.springframework.boot.test.autoconfigure.restdocs.RestDocsTestExecutionListener, org.springframework.boot.test.autoconfigure.web.client.MockRestServiceServerResetTestExecutionListener, org.springframework.boot.test.autoconfigure.web.servlet.MockMvcPrintOnlyOnFailureTestExecutionListener, org.springframework.boot.test.autoconfigure.web.servlet.WebDriverTestExecutionListener, org.springframework.boot.test.mock.mockito.MockitoTestExecutionListener, org.springframework.boot.test.mock.mockito.ResetMocksTestExecutionListener, org.springframework.test.context.web.ServletTestExecutionListener, org.springframework.test.context.support.DirtiesContextBeforeModesTestExecutionListener, org.springframework.test.context.support.DependencyInjectionTestExecutionListener, org.springframework.test.context.support.DirtiesContextTestExecutionListener, org.springframework.test.context.transaction.TransactionalTestExecutionListener, org.springframework.test.context.jdbc.SqlScriptsTestExecutionListener, org.springframework.test.context.event.EventPublishingTestExecutionListener]
2023-11-30 17:44:38.834  INFO 7956 --- [    Test worker] .b.t.c.SpringBootTestContextBootstrapper : Using TestExecutionListeners: [org.springframework.test.context.web.ServletTestExecutionListener@3645d973, org.springframework.test.context.support.DirtiesContextBeforeModesTestExecutionListener@6154c532, org.springframework.boot.test.mock.mockito.MockitoTestExecutionListener@6e1157d6, org.springframework.boot.test.autoconfigure.SpringBootDependencyInjectionTestExecutionListener@c274d3, org.springframework.test.context.support.DirtiesContextTestExecutionListener@18d4bbf9, org.springframework.test.context.transaction.TransactionalTestExecutionListener@5fee8084, org.springframework.test.context.jdbc.SqlScriptsTestExecutionListener@3b25d348, org.springframework.test.context.event.EventPublishingTestExecutionListener@28524c13, org.springframework.boot.test.autoconfigure.restdocs.RestDocsTestExecutionListener@15642193, org.springframework.boot.test.autoconfigure.web.client.MockRestServiceServerResetTestExecutionListener@3e25791b, org.springframework.boot.test.autoconfigure.web.servlet.MockMvcPrintOnlyOnFailureTestExecutionListener@2b0f5204, org.springframework.boot.test.autoconfigure.web.servlet.WebDriverTestExecutionListener@1107a1a2, org.springframework.boot.test.mock.mockito.ResetMocksTestExecutionListener@25db62a8]
Before any test execution
Before any test execution
Before any test execution
Before any test execution
Hibernate: 
    select
        ticket0_.code as code1_0_,
        ticket0_.creator as creator2_0_,
        ticket0_.estimated_finish_date as estimate3_0_,
        ticket0_.info as info4_0_,
        ticket0_.name as name5_0_,
        ticket0_.priority as priority6_0_,
        ticket0_.severity as severity7_0_,
        ticket0_.start_date as start_da8_0_,
        ticket0_.status as status9_0_ 
    from
        ticket ticket0_ 
    where
        ticket0_.name=?
Hibernate: 
    call next value for hibernate_sequence
Hibernate: 
    insert 
    into
        ticket
        (creator, estimated_finish_date, info, name, priority, severity, start_date, status, code) 
    values
        (?, ?, ?, ?, ?, ?, ?, ?, ?)
Hibernate: 
    select
        ticket0_.code as code1_0_,
        ticket0_.creator as creator2_0_,
        ticket0_.estimated_finish_date as estimate3_0_,
        ticket0_.info as info4_0_,
        ticket0_.name as name5_0_,
        ticket0_.priority as priority6_0_,
        ticket0_.severity as severity7_0_,
        ticket0_.start_date as start_da8_0_,
        ticket0_.status as status9_0_ 
    from
        ticket ticket0_ 
    where
        ticket0_.name=?
Hibernate: 
    call next value for hibernate_sequence
Hibernate: 
    insert 
    into
        ticket
        (creator, estimated_finish_date, info, name, priority, severity, start_date, status, code) 
    values
        (?, ?, ?, ?, ?, ?, ?, ?, ?)
Hibernate: 
    select
        ticket0_.code as code1_0_,
        ticket0_.creator as creator2_0_,
        ticket0_.estimated_finish_date as estimate3_0_,
        ticket0_.info as info4_0_,
        ticket0_.name as name5_0_,
        ticket0_.priority as priority6_0_,
        ticket0_.severity as severity7_0_,
        ticket0_.start_date as start_da8_0_,
        ticket0_.status as status9_0_ 
    from
        ticket ticket0_
Hibernate: 
    select
        ticket0_.code as code1_0_,
        ticket0_.creator as creator2_0_,
        ticket0_.estimated_finish_date as estimate3_0_,
        ticket0_.info as info4_0_,
        ticket0_.name as name5_0_,
        ticket0_.priority as priority6_0_,
        ticket0_.severity as severity7_0_,
        ticket0_.start_date as start_da8_0_,
        ticket0_.status as status9_0_ 
    from
        ticket ticket0_
Resetting system
Hibernate: 
    select
        ticket0_.code as code1_0_,
        ticket0_.creator as creator2_0_,
        ticket0_.estimated_finish_date as estimate3_0_,
        ticket0_.info as info4_0_,
        ticket0_.name as name5_0_,
        ticket0_.priority as priority6_0_,
        ticket0_.severity as severity7_0_,
        ticket0_.start_date as start_da8_0_,
        ticket0_.status as status9_0_ 
    from
        ticket ticket0_
Hibernate: 
    delete 
    from
        ticket 
    where
        code=?
Hibernate: 
    delete 
    from
        ticket 
    where
        code=?
Resetting system
Hibernate: 
    select
        ticket0_.code as code1_0_,
        ticket0_.creator as creator2_0_,
        ticket0_.estimated_finish_date as estimate3_0_,
        ticket0_.info as info4_0_,
        ticket0_.name as name5_0_,
        ticket0_.priority as priority6_0_,
        ticket0_.severity as severity7_0_,
        ticket0_.start_date as start_da8_0_,
        ticket0_.status as status9_0_ 
    from
        ticket ticket0_
Resetting system
Hibernate: 
    select
        ticket0_.code as code1_0_,
        ticket0_.creator as creator2_0_,
        ticket0_.estimated_finish_date as estimate3_0_,
        ticket0_.info as info4_0_,
        ticket0_.name as name5_0_,
        ticket0_.priority as priority6_0_,
        ticket0_.severity as severity7_0_,
        ticket0_.start_date as start_da8_0_,
        ticket0_.status as status9_0_ 
    from
        ticket ticket0_
Resetting system
Hibernate: 
    select
        ticket0_.code as code1_0_,
        ticket0_.creator as creator2_0_,
        ticket0_.estimated_finish_date as estimate3_0_,
        ticket0_.info as info4_0_,
        ticket0_.name as name5_0_,
        ticket0_.priority as priority6_0_,
        ticket0_.severity as severity7_0_,
        ticket0_.start_date as start_da8_0_,
        ticket0_.status as status9_0_ 
    from
        ticket ticket0_
2023-11-30 17:44:38.956  INFO 7956 --- [    Test worker] o.s.t.c.support.AbstractContextLoader    : Could not detect default resource locations for test class [com.aninfo.integration.cucumber.TicketIntegrationServiceTest]: no resource found for suffixes {-context.xml, Context.groovy}.
2023-11-30 17:44:38.958  INFO 7956 --- [    Test worker] .b.t.c.SpringBootTestContextBootstrapper : Loaded default TestExecutionListener class names from location [META-INF/spring.factories]: [org.springframework.boot.test.autoconfigure.restdocs.RestDocsTestExecutionListener, org.springframework.boot.test.autoconfigure.web.client.MockRestServiceServerResetTestExecutionListener, org.springframework.boot.test.autoconfigure.web.servlet.MockMvcPrintOnlyOnFailureTestExecutionListener, org.springframework.boot.test.autoconfigure.web.servlet.WebDriverTestExecutionListener, org.springframework.boot.test.mock.mockito.MockitoTestExecutionListener, org.springframework.boot.test.mock.mockito.ResetMocksTestExecutionListener, org.springframework.test.context.web.ServletTestExecutionListener, org.springframework.test.context.support.DirtiesContextBeforeModesTestExecutionListener, org.springframework.test.context.support.DependencyInjectionTestExecutionListener, org.springframework.test.context.support.DirtiesContextTestExecutionListener, org.springframework.test.context.transaction.TransactionalTestExecutionListener, org.springframework.test.context.jdbc.SqlScriptsTestExecutionListener, org.springframework.test.context.event.EventPublishingTestExecutionListener]
2023-11-30 17:44:38.959  INFO 7956 --- [    Test worker] .b.t.c.SpringBootTestContextBootstrapper : Using TestExecutionListeners: [org.springframework.test.context.web.ServletTestExecutionListener@6915bc0e, org.springframework.test.context.support.DirtiesContextBeforeModesTestExecutionListener@64fbb8b5, org.springframework.boot.test.mock.mockito.MockitoTestExecutionListener@709d60d1, org.springframework.boot.test.autoconfigure.SpringBootDependencyInjectionTestExecutionListener@230d7f64, org.springframework.test.context.support.DirtiesContextTestExecutionListener@673c42c7, org.springframework.test.context.transaction.TransactionalTestExecutionListener@5e3b7085, org.springframework.test.context.jdbc.SqlScriptsTestExecutionListener@45bb187b, org.springframework.test.context.event.EventPublishingTestExecutionListener@d05a9f7, org.springframework.boot.test.autoconfigure.restdocs.RestDocsTestExecutionListener@82ae8ea, org.springframework.boot.test.autoconfigure.web.client.MockRestServiceServerResetTestExecutionListener@d901e32, org.springframework.boot.test.autoconfigure.web.servlet.MockMvcPrintOnlyOnFailureTestExecutionListener@10f5b73b, org.springframework.boot.test.autoconfigure.web.servlet.WebDriverTestExecutionListener@301ffec3, org.springframework.boot.test.mock.mockito.ResetMocksTestExecutionListener@6fad2d92]
Before any test execution
Before any test execution
Before any test execution
Before any test execution
Hibernate: 
    select
        ticket0_.code as code1_0_,
        ticket0_.creator as creator2_0_,
        ticket0_.estimated_finish_date as estimate3_0_,
        ticket0_.info as info4_0_,
        ticket0_.name as name5_0_,
        ticket0_.priority as priority6_0_,
        ticket0_.severity as severity7_0_,
        ticket0_.start_date as start_da8_0_,
        ticket0_.status as status9_0_ 
    from
        ticket ticket0_ 
    where
        ticket0_.name=?
Hibernate: 
    call next value for hibernate_sequence
Hibernate: 
    insert 
    into
        ticket
        (creator, estimated_finish_date, info, name, priority, severity, start_date, status, code) 
    values
        (?, ?, ?, ?, ?, ?, ?, ?, ?)
Hibernate: 
    select
        ticket0_.code as code1_0_,
        ticket0_.creator as creator2_0_,
        ticket0_.estimated_finish_date as estimate3_0_,
        ticket0_.info as info4_0_,
        ticket0_.name as name5_0_,
        ticket0_.priority as priority6_0_,
        ticket0_.severity as severity7_0_,
        ticket0_.start_date as start_da8_0_,
        ticket0_.status as status9_0_ 
    from
        ticket ticket0_ 
    where
        ticket0_.name=?
Resetting system
Hibernate: 
    select
        ticket0_.code as code1_0_,
        ticket0_.creator as creator2_0_,
        ticket0_.estimated_finish_date as estimate3_0_,
        ticket0_.info as info4_0_,
        ticket0_.name as name5_0_,
        ticket0_.priority as priority6_0_,
        ticket0_.severity as severity7_0_,
        ticket0_.start_date as start_da8_0_,
        ticket0_.status as status9_0_ 
    from
        ticket ticket0_
Hibernate: 
    delete 
    from
        ticket 
    where
        code=?
Resetting system
Hibernate: 
    select
        ticket0_.code as code1_0_,
        ticket0_.creator as creator2_0_,
        ticket0_.estimated_finish_date as estimate3_0_,
        ticket0_.info as info4_0_,
        ticket0_.name as name5_0_,
        ticket0_.priority as priority6_0_,
        ticket0_.severity as severity7_0_,
        ticket0_.start_date as start_da8_0_,
        ticket0_.status as status9_0_ 
    from
        ticket ticket0_
Resetting system
Hibernate: 
    select
        ticket0_.code as code1_0_,
        ticket0_.creator as creator2_0_,
        ticket0_.estimated_finish_date as estimate3_0_,
        ticket0_.info as info4_0_,
        ticket0_.name as name5_0_,
        ticket0_.priority as priority6_0_,
        ticket0_.severity as severity7_0_,
        ticket0_.start_date as start_da8_0_,
        ticket0_.status as status9_0_ 
    from
        ticket ticket0_
Resetting system
Hibernate: 
    select
        ticket0_.code as code1_0_,
        ticket0_.creator as creator2_0_,
        ticket0_.estimated_finish_date as estimate3_0_,
        ticket0_.info as info4_0_,
        ticket0_.name as name5_0_,
        ticket0_.priority as priority6_0_,
        ticket0_.severity as severity7_0_,
        ticket0_.start_date as start_da8_0_,
        ticket0_.status as status9_0_ 
    from
        ticket ticket0_
2023-11-30 17:44:38.977  INFO 7956 --- [    Test worker] o.s.t.c.support.AbstractContextLoader    : Could not detect default resource locations for test class [com.aninfo.integration.cucumber.TicketIntegrationServiceTest]: no resource found for suffixes {-context.xml, Context.groovy}.
2023-11-30 17:44:38.978  INFO 7956 --- [    Test worker] .b.t.c.SpringBootTestContextBootstrapper : Loaded default TestExecutionListener class names from location [META-INF/spring.factories]: [org.springframework.boot.test.autoconfigure.restdocs.RestDocsTestExecutionListener, org.springframework.boot.test.autoconfigure.web.client.MockRestServiceServerResetTestExecutionListener, org.springframework.boot.test.autoconfigure.web.servlet.MockMvcPrintOnlyOnFailureTestExecutionListener, org.springframework.boot.test.autoconfigure.web.servlet.WebDriverTestExecutionListener, org.springframework.boot.test.mock.mockito.MockitoTestExecutionListener, org.springframework.boot.test.mock.mockito.ResetMocksTestExecutionListener, org.springframework.test.context.web.ServletTestExecutionListener, org.springframework.test.context.support.DirtiesContextBeforeModesTestExecutionListener, org.springframework.test.context.support.DependencyInjectionTestExecutionListener, org.springframework.test.context.support.DirtiesContextTestExecutionListener, org.springframework.test.context.transaction.TransactionalTestExecutionListener, org.springframework.test.context.jdbc.SqlScriptsTestExecutionListener, org.springframework.test.context.event.EventPublishingTestExecutionListener]
2023-11-30 17:44:38.978  INFO 7956 --- [    Test worker] .b.t.c.SpringBootTestContextBootstrapper : Using TestExecutionListeners: [org.springframework.test.context.web.ServletTestExecutionListener@2edae6ec, org.springframework.test.context.support.DirtiesContextBeforeModesTestExecutionListener@67ee0577, org.springframework.boot.test.mock.mockito.MockitoTestExecutionListener@2112759d, org.springframework.boot.test.autoconfigure.SpringBootDependencyInjectionTestExecutionListener@5c5d3f02, org.springframework.test.context.support.DirtiesContextTestExecutionListener@25495fe3, org.springframework.test.context.transaction.TransactionalTestExecutionListener@329b3380, org.springframework.test.context.jdbc.SqlScriptsTestExecutionListener@1706d3, org.springframework.test.context.event.EventPublishingTestExecutionListener@35079cfc, org.springframework.boot.test.autoconfigure.restdocs.RestDocsTestExecutionListener@5a5e6bf8, org.springframework.boot.test.autoconfigure.web.client.MockRestServiceServerResetTestExecutionListener@31324400, org.springframework.boot.test.autoconfigure.web.servlet.MockMvcPrintOnlyOnFailureTestExecutionListener@92bed6b, org.springframework.boot.test.autoconfigure.web.servlet.WebDriverTestExecutionListener@c260ce, org.springframework.boot.test.mock.mockito.ResetMocksTestExecutionListener@29eada85]
Before any test execution
Before any test execution
Before any test execution
Before any test execution
Hibernate: 
    select
        ticket0_.code as code1_0_,
        ticket0_.creator as creator2_0_,
        ticket0_.estimated_finish_date as estimate3_0_,
        ticket0_.info as info4_0_,
        ticket0_.name as name5_0_,
        ticket0_.priority as priority6_0_,
        ticket0_.severity as severity7_0_,
        ticket0_.start_date as start_da8_0_,
        ticket0_.status as status9_0_ 
    from
        ticket ticket0_ 
    where
        ticket0_.name=?
Hibernate: 
    call next value for hibernate_sequence
Hibernate: 
    insert 
    into
        ticket
        (creator, estimated_finish_date, info, name, priority, severity, start_date, status, code) 
    values
        (?, ?, ?, ?, ?, ?, ?, ?, ?)
Hibernate: 
    select
        ticket0_.code as code1_0_,
        ticket0_.creator as creator2_0_,
        ticket0_.estimated_finish_date as estimate3_0_,
        ticket0_.info as info4_0_,
        ticket0_.name as name5_0_,
        ticket0_.priority as priority6_0_,
        ticket0_.severity as severity7_0_,
        ticket0_.start_date as start_da8_0_,
        ticket0_.status as status9_0_ 
    from
        ticket ticket0_ 
    where
        ticket0_.name=?
Resetting system
Hibernate: 
    select
        ticket0_.code as code1_0_,
        ticket0_.creator as creator2_0_,
        ticket0_.estimated_finish_date as estimate3_0_,
        ticket0_.info as info4_0_,
        ticket0_.name as name5_0_,
        ticket0_.priority as priority6_0_,
        ticket0_.severity as severity7_0_,
        ticket0_.start_date as start_da8_0_,
        ticket0_.status as status9_0_ 
    from
        ticket ticket0_
Hibernate: 
    delete 
    from
        ticket 
    where
        code=?
Resetting system
Hibernate: 
    select
        ticket0_.code as code1_0_,
        ticket0_.creator as creator2_0_,
        ticket0_.estimated_finish_date as estimate3_0_,
        ticket0_.info as info4_0_,
        ticket0_.name as name5_0_,
        ticket0_.priority as priority6_0_,
        ticket0_.severity as severity7_0_,
        ticket0_.start_date as start_da8_0_,
        ticket0_.status as status9_0_ 
    from
        ticket ticket0_
Resetting system
Hibernate: 
    select
        ticket0_.code as code1_0_,
        ticket0_.creator as creator2_0_,
        ticket0_.estimated_finish_date as estimate3_0_,
        ticket0_.info as info4_0_,
        ticket0_.name as name5_0_,
        ticket0_.priority as priority6_0_,
        ticket0_.severity as severity7_0_,
        ticket0_.start_date as start_da8_0_,
        ticket0_.status as status9_0_ 
    from
        ticket ticket0_
Resetting system
Hibernate: 
    select
        ticket0_.code as code1_0_,
        ticket0_.creator as creator2_0_,
        ticket0_.estimated_finish_date as estimate3_0_,
        ticket0_.info as info4_0_,
        ticket0_.name as name5_0_,
        ticket0_.priority as priority6_0_,
        ticket0_.severity as severity7_0_,
        ticket0_.start_date as start_da8_0_,
        ticket0_.status as status9_0_ 
    from
        ticket ticket0_
2023-11-30 17:44:38.993  INFO 7956 --- [    Test worker] o.s.t.c.support.AbstractContextLoader    : Could not detect default resource locations for test class [com.aninfo.integration.cucumber.TicketIntegrationServiceTest]: no resource found for suffixes {-context.xml, Context.groovy}.
2023-11-30 17:44:38.995  INFO 7956 --- [    Test worker] .b.t.c.SpringBootTestContextBootstrapper : Loaded default TestExecutionListener class names from location [META-INF/spring.factories]: [org.springframework.boot.test.autoconfigure.restdocs.RestDocsTestExecutionListener, org.springframework.boot.test.autoconfigure.web.client.MockRestServiceServerResetTestExecutionListener, org.springframework.boot.test.autoconfigure.web.servlet.MockMvcPrintOnlyOnFailureTestExecutionListener, org.springframework.boot.test.autoconfigure.web.servlet.WebDriverTestExecutionListener, org.springframework.boot.test.mock.mockito.MockitoTestExecutionListener, org.springframework.boot.test.mock.mockito.ResetMocksTestExecutionListener, org.springframework.test.context.web.ServletTestExecutionListener, org.springframework.test.context.support.DirtiesContextBeforeModesTestExecutionListener, org.springframework.test.context.support.DependencyInjectionTestExecutionListener, org.springframework.test.context.support.DirtiesContextTestExecutionListener, org.springframework.test.context.transaction.TransactionalTestExecutionListener, org.springframework.test.context.jdbc.SqlScriptsTestExecutionListener, org.springframework.test.context.event.EventPublishingTestExecutionListener]
2023-11-30 17:44:38.995  INFO 7956 --- [    Test worker] .b.t.c.SpringBootTestContextBootstrapper : Using TestExecutionListeners: [org.springframework.test.context.web.ServletTestExecutionListener@702ab8c6, org.springframework.test.context.support.DirtiesContextBeforeModesTestExecutionListener@31bce36, org.springframework.boot.test.mock.mockito.MockitoTestExecutionListener@7f522fd0, org.springframework.boot.test.autoconfigure.SpringBootDependencyInjectionTestExecutionListener@3a0c7f4f, org.springframework.test.context.support.DirtiesContextTestExecutionListener@1fc51c40, org.springframework.test.context.transaction.TransactionalTestExecutionListener@42720bf0, org.springframework.test.context.jdbc.SqlScriptsTestExecutionListener@2cb090c1, org.springframework.test.context.event.EventPublishingTestExecutionListener@751f641f, org.springframework.boot.test.autoconfigure.restdocs.RestDocsTestExecutionListener@420f51e0, org.springframework.boot.test.autoconfigure.web.client.MockRestServiceServerResetTestExecutionListener@1070ffda, org.springframework.boot.test.autoconfigure.web.servlet.MockMvcPrintOnlyOnFailureTestExecutionListener@38ee538d, org.springframework.boot.test.autoconfigure.web.servlet.WebDriverTestExecutionListener@365fe713, org.springframework.boot.test.mock.mockito.ResetMocksTestExecutionListener@ee73069]
Before any test execution
Before any test execution
Before any test execution
Before any test execution
Hibernate: 
    select
        ticket0_.code as code1_0_,
        ticket0_.creator as creator2_0_,
        ticket0_.estimated_finish_date as estimate3_0_,
        ticket0_.info as info4_0_,
        ticket0_.name as name5_0_,
        ticket0_.priority as priority6_0_,
        ticket0_.severity as severity7_0_,
        ticket0_.start_date as start_da8_0_,
        ticket0_.status as status9_0_ 
    from
        ticket ticket0_ 
    where
        ticket0_.name=?
Hibernate: 
    call next value for hibernate_sequence
Hibernate: 
    insert 
    into
        ticket
        (creator, estimated_finish_date, info, name, priority, severity, start_date, status, code) 
    values
        (?, ?, ?, ?, ?, ?, ?, ?, ?)
Resetting system
Hibernate: 
    select
        ticket0_.code as code1_0_,
        ticket0_.creator as creator2_0_,
        ticket0_.estimated_finish_date as estimate3_0_,
        ticket0_.info as info4_0_,
        ticket0_.name as name5_0_,
        ticket0_.priority as priority6_0_,
        ticket0_.severity as severity7_0_,
        ticket0_.start_date as start_da8_0_,
        ticket0_.status as status9_0_ 
    from
        ticket ticket0_
Hibernate: 
    delete 
    from
        ticket 
    where
        code=?
Resetting system
Hibernate: 
    select
        ticket0_.code as code1_0_,
        ticket0_.creator as creator2_0_,
        ticket0_.estimated_finish_date as estimate3_0_,
        ticket0_.info as info4_0_,
        ticket0_.name as name5_0_,
        ticket0_.priority as priority6_0_,
        ticket0_.severity as severity7_0_,
        ticket0_.start_date as start_da8_0_,
        ticket0_.status as status9_0_ 
    from
        ticket ticket0_
Resetting system
Hibernate: 
    select
        ticket0_.code as code1_0_,
        ticket0_.creator as creator2_0_,
        ticket0_.estimated_finish_date as estimate3_0_,
        ticket0_.info as info4_0_,
        ticket0_.name as name5_0_,
        ticket0_.priority as priority6_0_,
        ticket0_.severity as severity7_0_,
        ticket0_.start_date as start_da8_0_,
        ticket0_.status as status9_0_ 
    from
        ticket ticket0_
Resetting system
Hibernate: 
    select
        ticket0_.code as code1_0_,
        ticket0_.creator as creator2_0_,
        ticket0_.estimated_finish_date as estimate3_0_,
        ticket0_.info as info4_0_,
        ticket0_.name as name5_0_,
        ticket0_.priority as priority6_0_,
        ticket0_.severity as severity7_0_,
        ticket0_.start_date as start_da8_0_,
        ticket0_.status as status9_0_ 
    from
        ticket ticket0_
2023-11-30 17:44:39.016  INFO 7956 --- [    Test worker] o.s.t.c.support.AbstractContextLoader    : Could not detect default resource locations for test class [com.aninfo.integration.cucumber.TicketIntegrationServiceTest]: no resource found for suffixes {-context.xml, Context.groovy}.
2023-11-30 17:44:39.018  INFO 7956 --- [    Test worker] .b.t.c.SpringBootTestContextBootstrapper : Loaded default TestExecutionListener class names from location [META-INF/spring.factories]: [org.springframework.boot.test.autoconfigure.restdocs.RestDocsTestExecutionListener, org.springframework.boot.test.autoconfigure.web.client.MockRestServiceServerResetTestExecutionListener, org.springframework.boot.test.autoconfigure.web.servlet.MockMvcPrintOnlyOnFailureTestExecutionListener, org.springframework.boot.test.autoconfigure.web.servlet.WebDriverTestExecutionListener, org.springframework.boot.test.mock.mockito.MockitoTestExecutionListener, org.springframework.boot.test.mock.mockito.ResetMocksTestExecutionListener, org.springframework.test.context.web.ServletTestExecutionListener, org.springframework.test.context.support.DirtiesContextBeforeModesTestExecutionListener, org.springframework.test.context.support.DependencyInjectionTestExecutionListener, org.springframework.test.context.support.DirtiesContextTestExecutionListener, org.springframework.test.context.transaction.TransactionalTestExecutionListener, org.springframework.test.context.jdbc.SqlScriptsTestExecutionListener, org.springframework.test.context.event.EventPublishingTestExecutionListener]
2023-11-30 17:44:39.019  INFO 7956 --- [    Test worker] .b.t.c.SpringBootTestContextBootstrapper : Using TestExecutionListeners: [org.springframework.test.context.web.ServletTestExecutionListener@38f88ecd, org.springframework.test.context.support.DirtiesContextBeforeModesTestExecutionListener@6e705e80, org.springframework.boot.test.mock.mockito.MockitoTestExecutionListener@4b602f28, org.springframework.boot.test.autoconfigure.SpringBootDependencyInjectionTestExecutionListener@558ab366, org.springframework.test.context.support.DirtiesContextTestExecutionListener@2978c1fc, org.springframework.test.context.transaction.TransactionalTestExecutionListener@45100e0d, org.springframework.test.context.jdbc.SqlScriptsTestExecutionListener@fc370e8, org.springframework.test.context.event.EventPublishingTestExecutionListener@f52f3f5, org.springframework.boot.test.autoconfigure.restdocs.RestDocsTestExecutionListener@604aa4c2, org.springframework.boot.test.autoconfigure.web.client.MockRestServiceServerResetTestExecutionListener@25efaea0, org.springframework.boot.test.autoconfigure.web.servlet.MockMvcPrintOnlyOnFailureTestExecutionListener@313fcec5, org.springframework.boot.test.autoconfigure.web.servlet.WebDriverTestExecutionListener@296a5e4c, org.springframework.boot.test.mock.mockito.ResetMocksTestExecutionListener@1c339317]
Before any test execution
Before any test execution
Before any test execution
Before any test execution
Hibernate: 
    select
        ticket0_.code as code1_0_,
        ticket0_.creator as creator2_0_,
        ticket0_.estimated_finish_date as estimate3_0_,
        ticket0_.info as info4_0_,
        ticket0_.name as name5_0_,
        ticket0_.priority as priority6_0_,
        ticket0_.severity as severity7_0_,
        ticket0_.start_date as start_da8_0_,
        ticket0_.status as status9_0_ 
    from
        ticket ticket0_ 
    where
        ticket0_.name=?
Hibernate: 
    call next value for hibernate_sequence
Hibernate: 
    insert 
    into
        ticket
        (creator, estimated_finish_date, info, name, priority, severity, start_date, status, code) 
    values
        (?, ?, ?, ?, ?, ?, ?, ?, ?)
Hibernate: 
    select
        ticket0_.code as code1_0_0_,
        ticket0_.creator as creator2_0_0_,
        ticket0_.estimated_finish_date as estimate3_0_0_,
        ticket0_.info as info4_0_0_,
        ticket0_.name as name5_0_0_,
        ticket0_.priority as priority6_0_0_,
        ticket0_.severity as severity7_0_0_,
        ticket0_.start_date as start_da8_0_0_,
        ticket0_.status as status9_0_0_ 
    from
        ticket ticket0_ 
    where
        ticket0_.code=?
Hibernate: 
    select
        ticket0_.code as code1_0_0_,
        ticket0_.creator as creator2_0_0_,
        ticket0_.estimated_finish_date as estimate3_0_0_,
        ticket0_.info as info4_0_0_,
        ticket0_.name as name5_0_0_,
        ticket0_.priority as priority6_0_0_,
        ticket0_.severity as severity7_0_0_,
        ticket0_.start_date as start_da8_0_0_,
        ticket0_.status as status9_0_0_ 
    from
        ticket ticket0_ 
    where
        ticket0_.code=?
Hibernate: 
    select
        ticket0_.code as code1_0_,
        ticket0_.creator as creator2_0_,
        ticket0_.estimated_finish_date as estimate3_0_,
        ticket0_.info as info4_0_,
        ticket0_.name as name5_0_,
        ticket0_.priority as priority6_0_,
        ticket0_.severity as severity7_0_,
        ticket0_.start_date as start_da8_0_,
        ticket0_.status as status9_0_ 
    from
        ticket ticket0_ 
    where
        ticket0_.name=?
Hibernate: 
    select
        ticket0_.code as code1_0_0_,
        ticket0_.creator as creator2_0_0_,
        ticket0_.estimated_finish_date as estimate3_0_0_,
        ticket0_.info as info4_0_0_,
        ticket0_.name as name5_0_0_,
        ticket0_.priority as priority6_0_0_,
        ticket0_.severity as severity7_0_0_,
        ticket0_.start_date as start_da8_0_0_,
        ticket0_.status as status9_0_0_ 
    from
        ticket ticket0_ 
    where
        ticket0_.code=?
Hibernate: 
    update
        ticket 
    set
        creator=?,
        estimated_finish_date=?,
        info=?,
        name=?,
        priority=?,
        severity=?,
        start_date=?,
        status=? 
    where
        code=?
Resetting system
Hibernate: 
    select
        ticket0_.code as code1_0_,
        ticket0_.creator as creator2_0_,
        ticket0_.estimated_finish_date as estimate3_0_,
        ticket0_.info as info4_0_,
        ticket0_.name as name5_0_,
        ticket0_.priority as priority6_0_,
        ticket0_.severity as severity7_0_,
        ticket0_.start_date as start_da8_0_,
        ticket0_.status as status9_0_ 
    from
        ticket ticket0_
Hibernate: 
    delete 
    from
        ticket 
    where
        code=?
Resetting system
Hibernate: 
    select
        ticket0_.code as code1_0_,
        ticket0_.creator as creator2_0_,
        ticket0_.estimated_finish_date as estimate3_0_,
        ticket0_.info as info4_0_,
        ticket0_.name as name5_0_,
        ticket0_.priority as priority6_0_,
        ticket0_.severity as severity7_0_,
        ticket0_.start_date as start_da8_0_,
        ticket0_.status as status9_0_ 
    from
        ticket ticket0_
Resetting system
Hibernate: 
    select
        ticket0_.code as code1_0_,
        ticket0_.creator as creator2_0_,
        ticket0_.estimated_finish_date as estimate3_0_,
        ticket0_.info as info4_0_,
        ticket0_.name as name5_0_,
        ticket0_.priority as priority6_0_,
        ticket0_.severity as severity7_0_,
        ticket0_.start_date as start_da8_0_,
        ticket0_.status as status9_0_ 
    from
        ticket ticket0_
Resetting system
Hibernate: 
    select
        ticket0_.code as code1_0_,
        ticket0_.creator as creator2_0_,
        ticket0_.estimated_finish_date as estimate3_0_,
        ticket0_.info as info4_0_,
        ticket0_.name as name5_0_,
        ticket0_.priority as priority6_0_,
        ticket0_.severity as severity7_0_,
        ticket0_.start_date as start_da8_0_,
        ticket0_.status as status9_0_ 
    from
        ticket ticket0_
2023-11-30 17:44:39.057  INFO 7956 --- [    Test worker] o.s.t.c.support.AbstractContextLoader    : Could not detect default resource locations for test class [com.aninfo.integration.cucumber.TicketIntegrationServiceTest]: no resource found for suffixes {-context.xml, Context.groovy}.
2023-11-30 17:44:39.058  INFO 7956 --- [    Test worker] .b.t.c.SpringBootTestContextBootstrapper : Loaded default TestExecutionListener class names from location [META-INF/spring.factories]: [org.springframework.boot.test.autoconfigure.restdocs.RestDocsTestExecutionListener, org.springframework.boot.test.autoconfigure.web.client.MockRestServiceServerResetTestExecutionListener, org.springframework.boot.test.autoconfigure.web.servlet.MockMvcPrintOnlyOnFailureTestExecutionListener, org.springframework.boot.test.autoconfigure.web.servlet.WebDriverTestExecutionListener, org.springframework.boot.test.mock.mockito.MockitoTestExecutionListener, org.springframework.boot.test.mock.mockito.ResetMocksTestExecutionListener, org.springframework.test.context.web.ServletTestExecutionListener, org.springframework.test.context.support.DirtiesContextBeforeModesTestExecutionListener, org.springframework.test.context.support.DependencyInjectionTestExecutionListener, org.springframework.test.context.support.DirtiesContextTestExecutionListener, org.springframework.test.context.transaction.TransactionalTestExecutionListener, org.springframework.test.context.jdbc.SqlScriptsTestExecutionListener, org.springframework.test.context.event.EventPublishingTestExecutionListener]
2023-11-30 17:44:39.058  INFO 7956 --- [    Test worker] .b.t.c.SpringBootTestContextBootstrapper : Using TestExecutionListeners: [org.springframework.test.context.web.ServletTestExecutionListener@10856cf3, org.springframework.test.context.support.DirtiesContextBeforeModesTestExecutionListener@7c6cc3e4, org.springframework.boot.test.mock.mockito.MockitoTestExecutionListener@1271bba4, org.springframework.boot.test.autoconfigure.SpringBootDependencyInjectionTestExecutionListener@2b798918, org.springframework.test.context.support.DirtiesContextTestExecutionListener@10208a70, org.springframework.test.context.transaction.TransactionalTestExecutionListener@a491873, org.springframework.test.context.jdbc.SqlScriptsTestExecutionListener@157a2e05, org.springframework.test.context.event.EventPublishingTestExecutionListener@722c44fb, org.springframework.boot.test.autoconfigure.restdocs.RestDocsTestExecutionListener@664b23c4, org.springframework.boot.test.autoconfigure.web.client.MockRestServiceServerResetTestExecutionListener@248335fe, org.springframework.boot.test.autoconfigure.web.servlet.MockMvcPrintOnlyOnFailureTestExecutionListener@60cd2d6d, org.springframework.boot.test.autoconfigure.web.servlet.WebDriverTestExecutionListener@7056a613, org.springframework.boot.test.mock.mockito.ResetMocksTestExecutionListener@4fbcfede]
Before any test execution
Before any test execution
Before any test execution
Before any test execution
Hibernate: 
    select
        ticket0_.code as code1_0_,
        ticket0_.creator as creator2_0_,
        ticket0_.estimated_finish_date as estimate3_0_,
        ticket0_.info as info4_0_,
        ticket0_.name as name5_0_,
        ticket0_.priority as priority6_0_,
        ticket0_.severity as severity7_0_,
        ticket0_.start_date as start_da8_0_,
        ticket0_.status as status9_0_ 
    from
        ticket ticket0_ 
    where
        ticket0_.name=?
Hibernate: 
    call next value for hibernate_sequence
Hibernate: 
    insert 
    into
        ticket
        (creator, estimated_finish_date, info, name, priority, severity, start_date, status, code) 
    values
        (?, ?, ?, ?, ?, ?, ?, ?, ?)
Hibernate: 
    select
        ticket0_.code as code1_0_0_,
        ticket0_.creator as creator2_0_0_,
        ticket0_.estimated_finish_date as estimate3_0_0_,
        ticket0_.info as info4_0_0_,
        ticket0_.name as name5_0_0_,
        ticket0_.priority as priority6_0_0_,
        ticket0_.severity as severity7_0_0_,
        ticket0_.start_date as start_da8_0_0_,
        ticket0_.status as status9_0_0_ 
    from
        ticket ticket0_ 
    where
        ticket0_.code=?
Hibernate: 
    select
        ticket0_.code as code1_0_0_,
        ticket0_.creator as creator2_0_0_,
        ticket0_.estimated_finish_date as estimate3_0_0_,
        ticket0_.info as info4_0_0_,
        ticket0_.name as name5_0_0_,
        ticket0_.priority as priority6_0_0_,
        ticket0_.severity as severity7_0_0_,
        ticket0_.start_date as start_da8_0_0_,
        ticket0_.status as status9_0_0_ 
    from
        ticket ticket0_ 
    where
        ticket0_.code=?
Hibernate: 
    select
        ticket0_.code as code1_0_,
        ticket0_.creator as creator2_0_,
        ticket0_.estimated_finish_date as estimate3_0_,
        ticket0_.info as info4_0_,
        ticket0_.name as name5_0_,
        ticket0_.priority as priority6_0_,
        ticket0_.severity as severity7_0_,
        ticket0_.start_date as start_da8_0_,
        ticket0_.status as status9_0_ 
    from
        ticket ticket0_ 
    where
        ticket0_.name=?
Hibernate: 
    select
        ticket0_.code as code1_0_0_,
        ticket0_.creator as creator2_0_0_,
        ticket0_.estimated_finish_date as estimate3_0_0_,
        ticket0_.info as info4_0_0_,
        ticket0_.name as name5_0_0_,
        ticket0_.priority as priority6_0_0_,
        ticket0_.severity as severity7_0_0_,
        ticket0_.start_date as start_da8_0_0_,
        ticket0_.status as status9_0_0_ 
    from
        ticket ticket0_ 
    where
        ticket0_.code=?
Hibernate: 
    update
        ticket 
    set
        creator=?,
        estimated_finish_date=?,
        info=?,
        name=?,
        priority=?,
        severity=?,
        start_date=?,
        status=? 
    where
        code=?
Resetting system
Hibernate: 
    select
        ticket0_.code as code1_0_,
        ticket0_.creator as creator2_0_,
        ticket0_.estimated_finish_date as estimate3_0_,
        ticket0_.info as info4_0_,
        ticket0_.name as name5_0_,
        ticket0_.priority as priority6_0_,
        ticket0_.severity as severity7_0_,
        ticket0_.start_date as start_da8_0_,
        ticket0_.status as status9_0_ 
    from
        ticket ticket0_
Hibernate: 
    delete 
    from
        ticket 
    where
        code=?
Resetting system
Hibernate: 
    select
        ticket0_.code as code1_0_,
        ticket0_.creator as creator2_0_,
        ticket0_.estimated_finish_date as estimate3_0_,
        ticket0_.info as info4_0_,
        ticket0_.name as name5_0_,
        ticket0_.priority as priority6_0_,
        ticket0_.severity as severity7_0_,
        ticket0_.start_date as start_da8_0_,
        ticket0_.status as status9_0_ 
    from
        ticket ticket0_
Resetting system
Hibernate: 
    select
        ticket0_.code as code1_0_,
        ticket0_.creator as creator2_0_,
        ticket0_.estimated_finish_date as estimate3_0_,
        ticket0_.info as info4_0_,
        ticket0_.name as name5_0_,
        ticket0_.priority as priority6_0_,
        ticket0_.severity as severity7_0_,
        ticket0_.start_date as start_da8_0_,
        ticket0_.status as status9_0_ 
    from
        ticket ticket0_
Resetting system
Hibernate: 
    select
        ticket0_.code as code1_0_,
        ticket0_.creator as creator2_0_,
        ticket0_.estimated_finish_date as estimate3_0_,
        ticket0_.info as info4_0_,
        ticket0_.name as name5_0_,
        ticket0_.priority as priority6_0_,
        ticket0_.severity as severity7_0_,
        ticket0_.start_date as start_da8_0_,
        ticket0_.status as status9_0_ 
    from
        ticket ticket0_
2023-11-30 17:44:39.071  INFO 7956 --- [    Test worker] o.s.t.c.support.AbstractContextLoader    : Could not detect default resource locations for test class [com.aninfo.integration.cucumber.TicketIntegrationServiceTest]: no resource found for suffixes {-context.xml, Context.groovy}.
2023-11-30 17:44:39.072  INFO 7956 --- [    Test worker] .b.t.c.SpringBootTestContextBootstrapper : Loaded default TestExecutionListener class names from location [META-INF/spring.factories]: [org.springframework.boot.test.autoconfigure.restdocs.RestDocsTestExecutionListener, org.springframework.boot.test.autoconfigure.web.client.MockRestServiceServerResetTestExecutionListener, org.springframework.boot.test.autoconfigure.web.servlet.MockMvcPrintOnlyOnFailureTestExecutionListener, org.springframework.boot.test.autoconfigure.web.servlet.WebDriverTestExecutionListener, org.springframework.boot.test.mock.mockito.MockitoTestExecutionListener, org.springframework.boot.test.mock.mockito.ResetMocksTestExecutionListener, org.springframework.test.context.web.ServletTestExecutionListener, org.springframework.test.context.support.DirtiesContextBeforeModesTestExecutionListener, org.springframework.test.context.support.DependencyInjectionTestExecutionListener, org.springframework.test.context.support.DirtiesContextTestExecutionListener, org.springframework.test.context.transaction.TransactionalTestExecutionListener, org.springframework.test.context.jdbc.SqlScriptsTestExecutionListener, org.springframework.test.context.event.EventPublishingTestExecutionListener]
2023-11-30 17:44:39.072  INFO 7956 --- [    Test worker] .b.t.c.SpringBootTestContextBootstrapper : Using TestExecutionListeners: [org.springframework.test.context.web.ServletTestExecutionListener@230490a, org.springframework.test.context.support.DirtiesContextBeforeModesTestExecutionListener@12cff7b5, org.springframework.boot.test.mock.mockito.MockitoTestExecutionListener@5a1d736e, org.springframework.boot.test.autoconfigure.SpringBootDependencyInjectionTestExecutionListener@4f46a669, org.springframework.test.context.support.DirtiesContextTestExecutionListener@4f3ece92, org.springframework.test.context.transaction.TransactionalTestExecutionListener@22a1ea9f, org.springframework.test.context.jdbc.SqlScriptsTestExecutionListener@13967ba6, org.springframework.test.context.event.EventPublishingTestExecutionListener@6999e253, org.springframework.boot.test.autoconfigure.restdocs.RestDocsTestExecutionListener@506afbac, org.springframework.boot.test.autoconfigure.web.client.MockRestServiceServerResetTestExecutionListener@7d32062c, org.springframework.boot.test.autoconfigure.web.servlet.MockMvcPrintOnlyOnFailureTestExecutionListener@5dd90967, org.springframework.boot.test.autoconfigure.web.servlet.WebDriverTestExecutionListener@7bf4e3f5, org.springframework.boot.test.mock.mockito.ResetMocksTestExecutionListener@7cc4c0bc]
Before any test execution
Before any test execution
Before any test execution
Before any test execution
Hibernate: 
    select
        ticket0_.code as code1_0_,
        ticket0_.creator as creator2_0_,
        ticket0_.estimated_finish_date as estimate3_0_,
        ticket0_.info as info4_0_,
        ticket0_.name as name5_0_,
        ticket0_.priority as priority6_0_,
        ticket0_.severity as severity7_0_,
        ticket0_.start_date as start_da8_0_,
        ticket0_.status as status9_0_ 
    from
        ticket ticket0_ 
    where
        ticket0_.name=?
Hibernate: 
    call next value for hibernate_sequence
Hibernate: 
    insert 
    into
        ticket
        (creator, estimated_finish_date, info, name, priority, severity, start_date, status, code) 
    values
        (?, ?, ?, ?, ?, ?, ?, ?, ?)
Hibernate: 
    select
        ticket0_.code as code1_0_0_,
        ticket0_.creator as creator2_0_0_,
        ticket0_.estimated_finish_date as estimate3_0_0_,
        ticket0_.info as info4_0_0_,
        ticket0_.name as name5_0_0_,
        ticket0_.priority as priority6_0_0_,
        ticket0_.severity as severity7_0_0_,
        ticket0_.start_date as start_da8_0_0_,
        ticket0_.status as status9_0_0_ 
    from
        ticket ticket0_ 
    where
        ticket0_.code=?
Hibernate: 
    select
        ticket0_.code as code1_0_0_,
        ticket0_.creator as creator2_0_0_,
        ticket0_.estimated_finish_date as estimate3_0_0_,
        ticket0_.info as info4_0_0_,
        ticket0_.name as name5_0_0_,
        ticket0_.priority as priority6_0_0_,
        ticket0_.severity as severity7_0_0_,
        ticket0_.start_date as start_da8_0_0_,
        ticket0_.status as status9_0_0_ 
    from
        ticket ticket0_ 
    where
        ticket0_.code=?
Hibernate: 
    select
        ticket0_.code as code1_0_,
        ticket0_.creator as creator2_0_,
        ticket0_.estimated_finish_date as estimate3_0_,
        ticket0_.info as info4_0_,
        ticket0_.name as name5_0_,
        ticket0_.priority as priority6_0_,
        ticket0_.severity as severity7_0_,
        ticket0_.start_date as start_da8_0_,
        ticket0_.status as status9_0_ 
    from
        ticket ticket0_ 
    where
        ticket0_.name=?
Hibernate: 
    select
        ticket0_.code as code1_0_0_,
        ticket0_.creator as creator2_0_0_,
        ticket0_.estimated_finish_date as estimate3_0_0_,
        ticket0_.info as info4_0_0_,
        ticket0_.name as name5_0_0_,
        ticket0_.priority as priority6_0_0_,
        ticket0_.severity as severity7_0_0_,
        ticket0_.start_date as start_da8_0_0_,
        ticket0_.status as status9_0_0_ 
    from
        ticket ticket0_ 
    where
        ticket0_.code=?
Hibernate: 
    update
        ticket 
    set
        creator=?,
        estimated_finish_date=?,
        info=?,
        name=?,
        priority=?,
        severity=?,
        start_date=?,
        status=? 
    where
        code=?
Resetting system
Hibernate: 
    select
        ticket0_.code as code1_0_,
        ticket0_.creator as creator2_0_,
        ticket0_.estimated_finish_date as estimate3_0_,
        ticket0_.info as info4_0_,
        ticket0_.name as name5_0_,
        ticket0_.priority as priority6_0_,
        ticket0_.severity as severity7_0_,
        ticket0_.start_date as start_da8_0_,
        ticket0_.status as status9_0_ 
    from
        ticket ticket0_
Hibernate: 
    delete 
    from
        ticket 
    where
        code=?
Resetting system
Hibernate: 
    select
        ticket0_.code as code1_0_,
        ticket0_.creator as creator2_0_,
        ticket0_.estimated_finish_date as estimate3_0_,
        ticket0_.info as info4_0_,
        ticket0_.name as name5_0_,
        ticket0_.priority as priority6_0_,
        ticket0_.severity as severity7_0_,
        ticket0_.start_date as start_da8_0_,
        ticket0_.status as status9_0_ 
    from
        ticket ticket0_
Resetting system
Hibernate: 
    select
        ticket0_.code as code1_0_,
        ticket0_.creator as creator2_0_,
        ticket0_.estimated_finish_date as estimate3_0_,
        ticket0_.info as info4_0_,
        ticket0_.name as name5_0_,
        ticket0_.priority as priority6_0_,
        ticket0_.severity as severity7_0_,
        ticket0_.start_date as start_da8_0_,
        ticket0_.status as status9_0_ 
    from
        ticket ticket0_
Resetting system
Hibernate: 
    select
        ticket0_.code as code1_0_,
        ticket0_.creator as creator2_0_,
        ticket0_.estimated_finish_date as estimate3_0_,
        ticket0_.info as info4_0_,
        ticket0_.name as name5_0_,
        ticket0_.priority as priority6_0_,
        ticket0_.severity as severity7_0_,
        ticket0_.start_date as start_da8_0_,
        ticket0_.status as status9_0_ 
    from
        ticket ticket0_
2023-11-30 17:44:39.086  INFO 7956 --- [    Test worker] o.s.t.c.support.AbstractContextLoader    : Could not detect default resource locations for test class [com.aninfo.integration.cucumber.TicketIntegrationServiceTest]: no resource found for suffixes {-context.xml, Context.groovy}.
2023-11-30 17:44:39.087  INFO 7956 --- [    Test worker] .b.t.c.SpringBootTestContextBootstrapper : Loaded default TestExecutionListener class names from location [META-INF/spring.factories]: [org.springframework.boot.test.autoconfigure.restdocs.RestDocsTestExecutionListener, org.springframework.boot.test.autoconfigure.web.client.MockRestServiceServerResetTestExecutionListener, org.springframework.boot.test.autoconfigure.web.servlet.MockMvcPrintOnlyOnFailureTestExecutionListener, org.springframework.boot.test.autoconfigure.web.servlet.WebDriverTestExecutionListener, org.springframework.boot.test.mock.mockito.MockitoTestExecutionListener, org.springframework.boot.test.mock.mockito.ResetMocksTestExecutionListener, org.springframework.test.context.web.ServletTestExecutionListener, org.springframework.test.context.support.DirtiesContextBeforeModesTestExecutionListener, org.springframework.test.context.support.DependencyInjectionTestExecutionListener, org.springframework.test.context.support.DirtiesContextTestExecutionListener, org.springframework.test.context.transaction.TransactionalTestExecutionListener, org.springframework.test.context.jdbc.SqlScriptsTestExecutionListener, org.springframework.test.context.event.EventPublishingTestExecutionListener]
2023-11-30 17:44:39.088  INFO 7956 --- [    Test worker] .b.t.c.SpringBootTestContextBootstrapper : Using TestExecutionListeners: [org.springframework.test.context.web.ServletTestExecutionListener@3079a0e9, org.springframework.test.context.support.DirtiesContextBeforeModesTestExecutionListener@7ef83142, org.springframework.boot.test.mock.mockito.MockitoTestExecutionListener@3e1b0a64, org.springframework.boot.test.autoconfigure.SpringBootDependencyInjectionTestExecutionListener@44702356, org.springframework.test.context.support.DirtiesContextTestExecutionListener@39f3add9, org.springframework.test.context.transaction.TransactionalTestExecutionListener@63ef984, org.springframework.test.context.jdbc.SqlScriptsTestExecutionListener@60908b0d, org.springframework.test.context.event.EventPublishingTestExecutionListener@25bf7eda, org.springframework.boot.test.autoconfigure.restdocs.RestDocsTestExecutionListener@18682d1, org.springframework.boot.test.autoconfigure.web.client.MockRestServiceServerResetTestExecutionListener@7005b9bc, org.springframework.boot.test.autoconfigure.web.servlet.MockMvcPrintOnlyOnFailureTestExecutionListener@14298c52, org.springframework.boot.test.autoconfigure.web.servlet.WebDriverTestExecutionListener@4abe69a3, org.springframework.boot.test.mock.mockito.ResetMocksTestExecutionListener@7f9bea2f]
Before any test execution
Before any test execution
Before any test execution
Before any test execution
Hibernate: 
    select
        ticket0_.code as code1_0_,
        ticket0_.creator as creator2_0_,
        ticket0_.estimated_finish_date as estimate3_0_,
        ticket0_.info as info4_0_,
        ticket0_.name as name5_0_,
        ticket0_.priority as priority6_0_,
        ticket0_.severity as severity7_0_,
        ticket0_.start_date as start_da8_0_,
        ticket0_.status as status9_0_ 
    from
        ticket ticket0_ 
    where
        ticket0_.name=?
Hibernate: 
    call next value for hibernate_sequence
Hibernate: 
    insert 
    into
        ticket
        (creator, estimated_finish_date, info, name, priority, severity, start_date, status, code) 
    values
        (?, ?, ?, ?, ?, ?, ?, ?, ?)
Hibernate: 
    select
        ticket0_.code as code1_0_0_,
        ticket0_.creator as creator2_0_0_,
        ticket0_.estimated_finish_date as estimate3_0_0_,
        ticket0_.info as info4_0_0_,
        ticket0_.name as name5_0_0_,
        ticket0_.priority as priority6_0_0_,
        ticket0_.severity as severity7_0_0_,
        ticket0_.start_date as start_da8_0_0_,
        ticket0_.status as status9_0_0_ 
    from
        ticket ticket0_ 
    where
        ticket0_.code=?
Hibernate: 
    select
        ticket0_.code as code1_0_0_,
        ticket0_.creator as creator2_0_0_,
        ticket0_.estimated_finish_date as estimate3_0_0_,
        ticket0_.info as info4_0_0_,
        ticket0_.name as name5_0_0_,
        ticket0_.priority as priority6_0_0_,
        ticket0_.severity as severity7_0_0_,
        ticket0_.start_date as start_da8_0_0_,
        ticket0_.status as status9_0_0_ 
    from
        ticket ticket0_ 
    where
        ticket0_.code=?
Hibernate: 
    select
        ticket0_.code as code1_0_,
        ticket0_.creator as creator2_0_,
        ticket0_.estimated_finish_date as estimate3_0_,
        ticket0_.info as info4_0_,
        ticket0_.name as name5_0_,
        ticket0_.priority as priority6_0_,
        ticket0_.severity as severity7_0_,
        ticket0_.start_date as start_da8_0_,
        ticket0_.status as status9_0_ 
    from
        ticket ticket0_ 
    where
        ticket0_.name=?
Hibernate: 
    select
        ticket0_.code as code1_0_0_,
        ticket0_.creator as creator2_0_0_,
        ticket0_.estimated_finish_date as estimate3_0_0_,
        ticket0_.info as info4_0_0_,
        ticket0_.name as name5_0_0_,
        ticket0_.priority as priority6_0_0_,
        ticket0_.severity as severity7_0_0_,
        ticket0_.start_date as start_da8_0_0_,
        ticket0_.status as status9_0_0_ 
    from
        ticket ticket0_ 
    where
        ticket0_.code=?
Hibernate: 
    update
        ticket 
    set
        creator=?,
        estimated_finish_date=?,
        info=?,
        name=?,
        priority=?,
        severity=?,
        start_date=?,
        status=? 
    where
        code=?
Resetting system
Hibernate: 
    select
        ticket0_.code as code1_0_,
        ticket0_.creator as creator2_0_,
        ticket0_.estimated_finish_date as estimate3_0_,
        ticket0_.info as info4_0_,
        ticket0_.name as name5_0_,
        ticket0_.priority as priority6_0_,
        ticket0_.severity as severity7_0_,
        ticket0_.start_date as start_da8_0_,
        ticket0_.status as status9_0_ 
    from
        ticket ticket0_
Hibernate: 
    delete 
    from
        ticket 
    where
        code=?
Resetting system
Hibernate: 
    select
        ticket0_.code as code1_0_,
        ticket0_.creator as creator2_0_,
        ticket0_.estimated_finish_date as estimate3_0_,
        ticket0_.info as info4_0_,
        ticket0_.name as name5_0_,
        ticket0_.priority as priority6_0_,
        ticket0_.severity as severity7_0_,
        ticket0_.start_date as start_da8_0_,
        ticket0_.status as status9_0_ 
    from
        ticket ticket0_
Resetting system
Hibernate: 
    select
        ticket0_.code as code1_0_,
        ticket0_.creator as creator2_0_,
        ticket0_.estimated_finish_date as estimate3_0_,
        ticket0_.info as info4_0_,
        ticket0_.name as name5_0_,
        ticket0_.priority as priority6_0_,
        ticket0_.severity as severity7_0_,
        ticket0_.start_date as start_da8_0_,
        ticket0_.status as status9_0_ 
    from
        ticket ticket0_
Resetting system
Hibernate: 
    select
        ticket0_.code as code1_0_,
        ticket0_.creator as creator2_0_,
        ticket0_.estimated_finish_date as estimate3_0_,
        ticket0_.info as info4_0_,
        ticket0_.name as name5_0_,
        ticket0_.priority as priority6_0_,
        ticket0_.severity as severity7_0_,
        ticket0_.start_date as start_da8_0_,
        ticket0_.status as status9_0_ 
    from
        ticket ticket0_
2023-11-30 17:44:39.114  INFO 7956 --- [    Test worker] o.s.t.c.support.AbstractContextLoader    : Could not detect default resource locations for test class [com.aninfo.integration.cucumber.TicketIntegrationServiceTest]: no resource found for suffixes {-context.xml, Context.groovy}.
2023-11-30 17:44:39.116  INFO 7956 --- [    Test worker] .b.t.c.SpringBootTestContextBootstrapper : Loaded default TestExecutionListener class names from location [META-INF/spring.factories]: [org.springframework.boot.test.autoconfigure.restdocs.RestDocsTestExecutionListener, org.springframework.boot.test.autoconfigure.web.client.MockRestServiceServerResetTestExecutionListener, org.springframework.boot.test.autoconfigure.web.servlet.MockMvcPrintOnlyOnFailureTestExecutionListener, org.springframework.boot.test.autoconfigure.web.servlet.WebDriverTestExecutionListener, org.springframework.boot.test.mock.mockito.MockitoTestExecutionListener, org.springframework.boot.test.mock.mockito.ResetMocksTestExecutionListener, org.springframework.test.context.web.ServletTestExecutionListener, org.springframework.test.context.support.DirtiesContextBeforeModesTestExecutionListener, org.springframework.test.context.support.DependencyInjectionTestExecutionListener, org.springframework.test.context.support.DirtiesContextTestExecutionListener, org.springframework.test.context.transaction.TransactionalTestExecutionListener, org.springframework.test.context.jdbc.SqlScriptsTestExecutionListener, org.springframework.test.context.event.EventPublishingTestExecutionListener]
2023-11-30 17:44:39.116  INFO 7956 --- [    Test worker] .b.t.c.SpringBootTestContextBootstrapper : Using TestExecutionListeners: [org.springframework.test.context.web.ServletTestExecutionListener@19a321f1, org.springframework.test.context.support.DirtiesContextBeforeModesTestExecutionListener@43fb6da5, org.springframework.boot.test.mock.mockito.MockitoTestExecutionListener@6268125a, org.springframework.boot.test.autoconfigure.SpringBootDependencyInjectionTestExecutionListener@512bffa4, org.springframework.test.context.support.DirtiesContextTestExecutionListener@5107e0d9, org.springframework.test.context.transaction.TransactionalTestExecutionListener@49093919, org.springframework.test.context.jdbc.SqlScriptsTestExecutionListener@6bd118a0, org.springframework.test.context.event.EventPublishingTestExecutionListener@65890ca1, org.springframework.boot.test.autoconfigure.restdocs.RestDocsTestExecutionListener@be629e1, org.springframework.boot.test.autoconfigure.web.client.MockRestServiceServerResetTestExecutionListener@ba71875, org.springframework.boot.test.autoconfigure.web.servlet.MockMvcPrintOnlyOnFailureTestExecutionListener@68d005b9, org.springframework.boot.test.autoconfigure.web.servlet.WebDriverTestExecutionListener@4511f006, org.springframework.boot.test.mock.mockito.ResetMocksTestExecutionListener@7f826064]
Before any test execution
Before any test execution
Before any test execution
Before any test execution
Hibernate: 
    select
        ticket0_.code as code1_0_,
        ticket0_.creator as creator2_0_,
        ticket0_.estimated_finish_date as estimate3_0_,
        ticket0_.info as info4_0_,
        ticket0_.name as name5_0_,
        ticket0_.priority as priority6_0_,
        ticket0_.severity as severity7_0_,
        ticket0_.start_date as start_da8_0_,
        ticket0_.status as status9_0_ 
    from
        ticket ticket0_ 
    where
        ticket0_.name=?
Hibernate: 
    call next value for hibernate_sequence
Hibernate: 
    insert 
    into
        ticket
        (creator, estimated_finish_date, info, name, priority, severity, start_date, status, code) 
    values
        (?, ?, ?, ?, ?, ?, ?, ?, ?)
Hibernate: 
    select
        ticket0_.code as code1_0_0_,
        ticket0_.creator as creator2_0_0_,
        ticket0_.estimated_finish_date as estimate3_0_0_,
        ticket0_.info as info4_0_0_,
        ticket0_.name as name5_0_0_,
        ticket0_.priority as priority6_0_0_,
        ticket0_.severity as severity7_0_0_,
        ticket0_.start_date as start_da8_0_0_,
        ticket0_.status as status9_0_0_ 
    from
        ticket ticket0_ 
    where
        ticket0_.code=?
Hibernate: 
    select
        ticket0_.code as code1_0_0_,
        ticket0_.creator as creator2_0_0_,
        ticket0_.estimated_finish_date as estimate3_0_0_,
        ticket0_.info as info4_0_0_,
        ticket0_.name as name5_0_0_,
        ticket0_.priority as priority6_0_0_,
        ticket0_.severity as severity7_0_0_,
        ticket0_.start_date as start_da8_0_0_,
        ticket0_.status as status9_0_0_ 
    from
        ticket ticket0_ 
    where
        ticket0_.code=?
Hibernate: 
    select
        ticket0_.code as code1_0_,
        ticket0_.creator as creator2_0_,
        ticket0_.estimated_finish_date as estimate3_0_,
        ticket0_.info as info4_0_,
        ticket0_.name as name5_0_,
        ticket0_.priority as priority6_0_,
        ticket0_.severity as severity7_0_,
        ticket0_.start_date as start_da8_0_,
        ticket0_.status as status9_0_ 
    from
        ticket ticket0_ 
    where
        ticket0_.name=?
Hibernate: 
    select
        ticket0_.code as code1_0_0_,
        ticket0_.creator as creator2_0_0_,
        ticket0_.estimated_finish_date as estimate3_0_0_,
        ticket0_.info as info4_0_0_,
        ticket0_.name as name5_0_0_,
        ticket0_.priority as priority6_0_0_,
        ticket0_.severity as severity7_0_0_,
        ticket0_.start_date as start_da8_0_0_,
        ticket0_.status as status9_0_0_ 
    from
        ticket ticket0_ 
    where
        ticket0_.code=?
Hibernate: 
    update
        ticket 
    set
        creator=?,
        estimated_finish_date=?,
        info=?,
        name=?,
        priority=?,
        severity=?,
        start_date=?,
        status=? 
    where
        code=?
Resetting system
Hibernate: 
    select
        ticket0_.code as code1_0_,
        ticket0_.creator as creator2_0_,
        ticket0_.estimated_finish_date as estimate3_0_,
        ticket0_.info as info4_0_,
        ticket0_.name as name5_0_,
        ticket0_.priority as priority6_0_,
        ticket0_.severity as severity7_0_,
        ticket0_.start_date as start_da8_0_,
        ticket0_.status as status9_0_ 
    from
        ticket ticket0_
Hibernate: 
    delete 
    from
        ticket 
    where
        code=?
Resetting system
Hibernate: 
    select
        ticket0_.code as code1_0_,
        ticket0_.creator as creator2_0_,
        ticket0_.estimated_finish_date as estimate3_0_,
        ticket0_.info as info4_0_,
        ticket0_.name as name5_0_,
        ticket0_.priority as priority6_0_,
        ticket0_.severity as severity7_0_,
        ticket0_.start_date as start_da8_0_,
        ticket0_.status as status9_0_ 
    from
        ticket ticket0_
Resetting system
Hibernate: 
    select
        ticket0_.code as code1_0_,
        ticket0_.creator as creator2_0_,
        ticket0_.estimated_finish_date as estimate3_0_,
        ticket0_.info as info4_0_,
        ticket0_.name as name5_0_,
        ticket0_.priority as priority6_0_,
        ticket0_.severity as severity7_0_,
        ticket0_.start_date as start_da8_0_,
        ticket0_.status as status9_0_ 
    from
        ticket ticket0_
Resetting system
Hibernate: 
    select
        ticket0_.code as code1_0_,
        ticket0_.creator as creator2_0_,
        ticket0_.estimated_finish_date as estimate3_0_,
        ticket0_.info as info4_0_,
        ticket0_.name as name5_0_,
        ticket0_.priority as priority6_0_,
        ticket0_.severity as severity7_0_,
        ticket0_.start_date as start_da8_0_,
        ticket0_.status as status9_0_ 
    from
        ticket ticket0_
2023-11-30 17:44:39.139  INFO 7956 --- [    Test worker] o.s.t.c.support.AbstractContextLoader    : Could not detect default resource locations for test class [com.aninfo.integration.cucumber.TicketIntegrationServiceTest]: no resource found for suffixes {-context.xml, Context.groovy}.
2023-11-30 17:44:39.141  INFO 7956 --- [    Test worker] .b.t.c.SpringBootTestContextBootstrapper : Loaded default TestExecutionListener class names from location [META-INF/spring.factories]: [org.springframework.boot.test.autoconfigure.restdocs.RestDocsTestExecutionListener, org.springframework.boot.test.autoconfigure.web.client.MockRestServiceServerResetTestExecutionListener, org.springframework.boot.test.autoconfigure.web.servlet.MockMvcPrintOnlyOnFailureTestExecutionListener, org.springframework.boot.test.autoconfigure.web.servlet.WebDriverTestExecutionListener, org.springframework.boot.test.mock.mockito.MockitoTestExecutionListener, org.springframework.boot.test.mock.mockito.ResetMocksTestExecutionListener, org.springframework.test.context.web.ServletTestExecutionListener, org.springframework.test.context.support.DirtiesContextBeforeModesTestExecutionListener, org.springframework.test.context.support.DependencyInjectionTestExecutionListener, org.springframework.test.context.support.DirtiesContextTestExecutionListener, org.springframework.test.context.transaction.TransactionalTestExecutionListener, org.springframework.test.context.jdbc.SqlScriptsTestExecutionListener, org.springframework.test.context.event.EventPublishingTestExecutionListener]
2023-11-30 17:44:39.141  INFO 7956 --- [    Test worker] .b.t.c.SpringBootTestContextBootstrapper : Using TestExecutionListeners: [org.springframework.test.context.web.ServletTestExecutionListener@3114ce94, org.springframework.test.context.support.DirtiesContextBeforeModesTestExecutionListener@78931873, org.springframework.boot.test.mock.mockito.MockitoTestExecutionListener@5261bd57, org.springframework.boot.test.autoconfigure.SpringBootDependencyInjectionTestExecutionListener@c3cf474, org.springframework.test.context.support.DirtiesContextTestExecutionListener@1b4bfb09, org.springframework.test.context.transaction.TransactionalTestExecutionListener@7b7b2893, org.springframework.test.context.jdbc.SqlScriptsTestExecutionListener@24afa9ae, org.springframework.test.context.event.EventPublishingTestExecutionListener@4fdb661b, org.springframework.boot.test.autoconfigure.restdocs.RestDocsTestExecutionListener@b0c5f5a, org.springframework.boot.test.autoconfigure.web.client.MockRestServiceServerResetTestExecutionListener@2991c118, org.springframework.boot.test.autoconfigure.web.servlet.MockMvcPrintOnlyOnFailureTestExecutionListener@702aff5d, org.springframework.boot.test.autoconfigure.web.servlet.WebDriverTestExecutionListener@64d5a4fd, org.springframework.boot.test.mock.mockito.ResetMocksTestExecutionListener@dcad1b2]
Before any test execution
Before any test execution
Before any test execution
Before any test execution
Hibernate: 
    select
        ticket0_.code as code1_0_,
        ticket0_.creator as creator2_0_,
        ticket0_.estimated_finish_date as estimate3_0_,
        ticket0_.info as info4_0_,
        ticket0_.name as name5_0_,
        ticket0_.priority as priority6_0_,
        ticket0_.severity as severity7_0_,
        ticket0_.start_date as start_da8_0_,
        ticket0_.status as status9_0_ 
    from
        ticket ticket0_ 
    where
        ticket0_.name=?
Hibernate: 
    call next value for hibernate_sequence
Hibernate: 
    insert 
    into
        ticket
        (creator, estimated_finish_date, info, name, priority, severity, start_date, status, code) 
    values
        (?, ?, ?, ?, ?, ?, ?, ?, ?)
Hibernate: 
    select
        ticket0_.code as code1_0_,
        ticket0_.creator as creator2_0_,
        ticket0_.estimated_finish_date as estimate3_0_,
        ticket0_.info as info4_0_,
        ticket0_.name as name5_0_,
        ticket0_.priority as priority6_0_,
        ticket0_.severity as severity7_0_,
        ticket0_.start_date as start_da8_0_,
        ticket0_.status as status9_0_ 
    from
        ticket ticket0_ 
    where
        ticket0_.name=?
Hibernate: 
    call next value for hibernate_sequence
Hibernate: 
    insert 
    into
        ticket
        (creator, estimated_finish_date, info, name, priority, severity, start_date, status, code) 
    values
        (?, ?, ?, ?, ?, ?, ?, ?, ?)
Hibernate: 
    select
        ticket0_.code as code1_0_0_,
        ticket0_.creator as creator2_0_0_,
        ticket0_.estimated_finish_date as estimate3_0_0_,
        ticket0_.info as info4_0_0_,
        ticket0_.name as name5_0_0_,
        ticket0_.priority as priority6_0_0_,
        ticket0_.severity as severity7_0_0_,
        ticket0_.start_date as start_da8_0_0_,
        ticket0_.status as status9_0_0_ 
    from
        ticket ticket0_ 
    where
        ticket0_.code=?
Hibernate: 
    select
        ticket0_.code as code1_0_0_,
        ticket0_.creator as creator2_0_0_,
        ticket0_.estimated_finish_date as estimate3_0_0_,
        ticket0_.info as info4_0_0_,
        ticket0_.name as name5_0_0_,
        ticket0_.priority as priority6_0_0_,
        ticket0_.severity as severity7_0_0_,
        ticket0_.start_date as start_da8_0_0_,
        ticket0_.status as status9_0_0_ 
    from
        ticket ticket0_ 
    where
        ticket0_.code=?
Hibernate: 
    select
        ticket0_.code as code1_0_,
        ticket0_.creator as creator2_0_,
        ticket0_.estimated_finish_date as estimate3_0_,
        ticket0_.info as info4_0_,
        ticket0_.name as name5_0_,
        ticket0_.priority as priority6_0_,
        ticket0_.severity as severity7_0_,
        ticket0_.start_date as start_da8_0_,
        ticket0_.status as status9_0_ 
    from
        ticket ticket0_ 
    where
        ticket0_.name=?
Resetting system
Hibernate: 
    select
        ticket0_.code as code1_0_,
        ticket0_.creator as creator2_0_,
        ticket0_.estimated_finish_date as estimate3_0_,
        ticket0_.info as info4_0_,
        ticket0_.name as name5_0_,
        ticket0_.priority as priority6_0_,
        ticket0_.severity as severity7_0_,
        ticket0_.start_date as start_da8_0_,
        ticket0_.status as status9_0_ 
    from
        ticket ticket0_
Hibernate: 
    delete 
    from
        ticket 
    where
        code=?
Hibernate: 
    delete 
    from
        ticket 
    where
        code=?
Resetting system
Hibernate: 
    select
        ticket0_.code as code1_0_,
        ticket0_.creator as creator2_0_,
        ticket0_.estimated_finish_date as estimate3_0_,
        ticket0_.info as info4_0_,
        ticket0_.name as name5_0_,
        ticket0_.priority as priority6_0_,
        ticket0_.severity as severity7_0_,
        ticket0_.start_date as start_da8_0_,
        ticket0_.status as status9_0_ 
    from
        ticket ticket0_
Resetting system
Hibernate: 
    select
        ticket0_.code as code1_0_,
        ticket0_.creator as creator2_0_,
        ticket0_.estimated_finish_date as estimate3_0_,
        ticket0_.info as info4_0_,
        ticket0_.name as name5_0_,
        ticket0_.priority as priority6_0_,
        ticket0_.severity as severity7_0_,
        ticket0_.start_date as start_da8_0_,
        ticket0_.status as status9_0_ 
    from
        ticket ticket0_
Resetting system
Hibernate: 
    select
        ticket0_.code as code1_0_,
        ticket0_.creator as creator2_0_,
        ticket0_.estimated_finish_date as estimate3_0_,
        ticket0_.info as info4_0_,
        ticket0_.name as name5_0_,
        ticket0_.priority as priority6_0_,
        ticket0_.severity as severity7_0_,
        ticket0_.start_date as start_da8_0_,
        ticket0_.status as status9_0_ 
    from
        ticket ticket0_
2023-11-30 17:44:39.168  INFO 7956 --- [    Test worker] o.s.t.c.support.AbstractContextLoader    : Could not detect default resource locations for test class [com.aninfo.integration.cucumber.TicketIntegrationServiceTest]: no resource found for suffixes {-context.xml, Context.groovy}.
2023-11-30 17:44:39.170  INFO 7956 --- [    Test worker] .b.t.c.SpringBootTestContextBootstrapper : Loaded default TestExecutionListener class names from location [META-INF/spring.factories]: [org.springframework.boot.test.autoconfigure.restdocs.RestDocsTestExecutionListener, org.springframework.boot.test.autoconfigure.web.client.MockRestServiceServerResetTestExecutionListener, org.springframework.boot.test.autoconfigure.web.servlet.MockMvcPrintOnlyOnFailureTestExecutionListener, org.springframework.boot.test.autoconfigure.web.servlet.WebDriverTestExecutionListener, org.springframework.boot.test.mock.mockito.MockitoTestExecutionListener, org.springframework.boot.test.mock.mockito.ResetMocksTestExecutionListener, org.springframework.test.context.web.ServletTestExecutionListener, org.springframework.test.context.support.DirtiesContextBeforeModesTestExecutionListener, org.springframework.test.context.support.DependencyInjectionTestExecutionListener, org.springframework.test.context.support.DirtiesContextTestExecutionListener, org.springframework.test.context.transaction.TransactionalTestExecutionListener, org.springframework.test.context.jdbc.SqlScriptsTestExecutionListener, org.springframework.test.context.event.EventPublishingTestExecutionListener]
2023-11-30 17:44:39.170  INFO 7956 --- [    Test worker] .b.t.c.SpringBootTestContextBootstrapper : Using TestExecutionListeners: [org.springframework.test.context.web.ServletTestExecutionListener@7f46e944, org.springframework.test.context.support.DirtiesContextBeforeModesTestExecutionListener@24fc027c, org.springframework.boot.test.mock.mockito.MockitoTestExecutionListener@42a00932, org.springframework.boot.test.autoconfigure.SpringBootDependencyInjectionTestExecutionListener@4e59449b, org.springframework.test.context.support.DirtiesContextTestExecutionListener@69d98dd, org.springframework.test.context.transaction.TransactionalTestExecutionListener@42369590, org.springframework.test.context.jdbc.SqlScriptsTestExecutionListener@9ded7d, org.springframework.test.context.event.EventPublishingTestExecutionListener@4e40c69, org.springframework.boot.test.autoconfigure.restdocs.RestDocsTestExecutionListener@6e552758, org.springframework.boot.test.autoconfigure.web.client.MockRestServiceServerResetTestExecutionListener@1839b517, org.springframework.boot.test.autoconfigure.web.servlet.MockMvcPrintOnlyOnFailureTestExecutionListener@77204568, org.springframework.boot.test.autoconfigure.web.servlet.WebDriverTestExecutionListener@538398a1, org.springframework.boot.test.mock.mockito.ResetMocksTestExecutionListener@14ab0a6e]
Before any test execution
Before any test execution
Before any test execution
Before any test execution
Hibernate: 
    select
        ticket0_.code as code1_0_,
        ticket0_.creator as creator2_0_,
        ticket0_.estimated_finish_date as estimate3_0_,
        ticket0_.info as info4_0_,
        ticket0_.name as name5_0_,
        ticket0_.priority as priority6_0_,
        ticket0_.severity as severity7_0_,
        ticket0_.start_date as start_da8_0_,
        ticket0_.status as status9_0_ 
    from
        ticket ticket0_ 
    where
        ticket0_.name=?
Hibernate: 
    call next value for hibernate_sequence
Hibernate: 
    insert 
    into
        ticket
        (creator, estimated_finish_date, info, name, priority, severity, start_date, status, code) 
    values
        (?, ?, ?, ?, ?, ?, ?, ?, ?)
Hibernate: 
    select
        ticket0_.code as code1_0_0_,
        ticket0_.creator as creator2_0_0_,
        ticket0_.estimated_finish_date as estimate3_0_0_,
        ticket0_.info as info4_0_0_,
        ticket0_.name as name5_0_0_,
        ticket0_.priority as priority6_0_0_,
        ticket0_.severity as severity7_0_0_,
        ticket0_.start_date as start_da8_0_0_,
        ticket0_.status as status9_0_0_ 
    from
        ticket ticket0_ 
    where
        ticket0_.code=?
Resetting system
Hibernate: 
    select
        ticket0_.code as code1_0_,
        ticket0_.creator as creator2_0_,
        ticket0_.estimated_finish_date as estimate3_0_,
        ticket0_.info as info4_0_,
        ticket0_.name as name5_0_,
        ticket0_.priority as priority6_0_,
        ticket0_.severity as severity7_0_,
        ticket0_.start_date as start_da8_0_,
        ticket0_.status as status9_0_ 
    from
        ticket ticket0_
Hibernate: 
    delete 
    from
        ticket 
    where
        code=?
Resetting system
Hibernate: 
    select
        ticket0_.code as code1_0_,
        ticket0_.creator as creator2_0_,
        ticket0_.estimated_finish_date as estimate3_0_,
        ticket0_.info as info4_0_,
        ticket0_.name as name5_0_,
        ticket0_.priority as priority6_0_,
        ticket0_.severity as severity7_0_,
        ticket0_.start_date as start_da8_0_,
        ticket0_.status as status9_0_ 
    from
        ticket ticket0_
Resetting system
Hibernate: 
    select
        ticket0_.code as code1_0_,
        ticket0_.creator as creator2_0_,
        ticket0_.estimated_finish_date as estimate3_0_,
        ticket0_.info as info4_0_,
        ticket0_.name as name5_0_,
        ticket0_.priority as priority6_0_,
        ticket0_.severity as severity7_0_,
        ticket0_.start_date as start_da8_0_,
        ticket0_.status as status9_0_ 
    from
        ticket ticket0_
Resetting system
Hibernate: 
    select
        ticket0_.code as code1_0_,
        ticket0_.creator as creator2_0_,
        ticket0_.estimated_finish_date as estimate3_0_,
        ticket0_.info as info4_0_,
        ticket0_.name as name5_0_,
        ticket0_.priority as priority6_0_,
        ticket0_.severity as severity7_0_,
        ticket0_.start_date as start_da8_0_,
        ticket0_.status as status9_0_ 
    from
        ticket ticket0_
2023-11-30 17:44:39.187  INFO 7956 --- [    Test worker] o.s.t.c.support.AbstractContextLoader    : Could not detect default resource locations for test class [com.aninfo.integration.cucumber.TicketIntegrationServiceTest]: no resource found for suffixes {-context.xml, Context.groovy}.
2023-11-30 17:44:39.189  INFO 7956 --- [    Test worker] .b.t.c.SpringBootTestContextBootstrapper : Loaded default TestExecutionListener class names from location [META-INF/spring.factories]: [org.springframework.boot.test.autoconfigure.restdocs.RestDocsTestExecutionListener, org.springframework.boot.test.autoconfigure.web.client.MockRestServiceServerResetTestExecutionListener, org.springframework.boot.test.autoconfigure.web.servlet.MockMvcPrintOnlyOnFailureTestExecutionListener, org.springframework.boot.test.autoconfigure.web.servlet.WebDriverTestExecutionListener, org.springframework.boot.test.mock.mockito.MockitoTestExecutionListener, org.springframework.boot.test.mock.mockito.ResetMocksTestExecutionListener, org.springframework.test.context.web.ServletTestExecutionListener, org.springframework.test.context.support.DirtiesContextBeforeModesTestExecutionListener, org.springframework.test.context.support.DependencyInjectionTestExecutionListener, org.springframework.test.context.support.DirtiesContextTestExecutionListener, org.springframework.test.context.transaction.TransactionalTestExecutionListener, org.springframework.test.context.jdbc.SqlScriptsTestExecutionListener, org.springframework.test.context.event.EventPublishingTestExecutionListener]
2023-11-30 17:44:39.189  INFO 7956 --- [    Test worker] .b.t.c.SpringBootTestContextBootstrapper : Using TestExecutionListeners: [org.springframework.test.context.web.ServletTestExecutionListener@724b4656, org.springframework.test.context.support.DirtiesContextBeforeModesTestExecutionListener@13422caf, org.springframework.boot.test.mock.mockito.MockitoTestExecutionListener@454f1eb, org.springframework.boot.test.autoconfigure.SpringBootDependencyInjectionTestExecutionListener@746779d8, org.springframework.test.context.support.DirtiesContextTestExecutionListener@5cb6f8f4, org.springframework.test.context.transaction.TransactionalTestExecutionListener@5e139099, org.springframework.test.context.jdbc.SqlScriptsTestExecutionListener@7debe919, org.springframework.test.context.event.EventPublishingTestExecutionListener@320df6c5, org.springframework.boot.test.autoconfigure.restdocs.RestDocsTestExecutionListener@5917d928, org.springframework.boot.test.autoconfigure.web.client.MockRestServiceServerResetTestExecutionListener@1b421dcb, org.springframework.boot.test.autoconfigure.web.servlet.MockMvcPrintOnlyOnFailureTestExecutionListener@39c38c9b, org.springframework.boot.test.autoconfigure.web.servlet.WebDriverTestExecutionListener@6425feb8, org.springframework.boot.test.mock.mockito.ResetMocksTestExecutionListener@31ca58d]
Before any test execution
Before any test execution
Before any test execution
Before any test execution
Hibernate: 
    select
        ticket0_.code as code1_0_0_,
        ticket0_.creator as creator2_0_0_,
        ticket0_.estimated_finish_date as estimate3_0_0_,
        ticket0_.info as info4_0_0_,
        ticket0_.name as name5_0_0_,
        ticket0_.priority as priority6_0_0_,
        ticket0_.severity as severity7_0_0_,
        ticket0_.start_date as start_da8_0_0_,
        ticket0_.status as status9_0_0_ 
    from
        ticket ticket0_ 
    where
        ticket0_.code=?
Resetting system
Hibernate: 
    select
        ticket0_.code as code1_0_,
        ticket0_.creator as creator2_0_,
        ticket0_.estimated_finish_date as estimate3_0_,
        ticket0_.info as info4_0_,
        ticket0_.name as name5_0_,
        ticket0_.priority as priority6_0_,
        ticket0_.severity as severity7_0_,
        ticket0_.start_date as start_da8_0_,
        ticket0_.status as status9_0_ 
    from
        ticket ticket0_
Resetting system
Hibernate: 
    select
        ticket0_.code as code1_0_,
        ticket0_.creator as creator2_0_,
        ticket0_.estimated_finish_date as estimate3_0_,
        ticket0_.info as info4_0_,
        ticket0_.name as name5_0_,
        ticket0_.priority as priority6_0_,
        ticket0_.severity as severity7_0_,
        ticket0_.start_date as start_da8_0_,
        ticket0_.status as status9_0_ 
    from
        ticket ticket0_
Resetting system
Hibernate: 
    select
        ticket0_.code as code1_0_,
        ticket0_.creator as creator2_0_,
        ticket0_.estimated_finish_date as estimate3_0_,
        ticket0_.info as info4_0_,
        ticket0_.name as name5_0_,
        ticket0_.priority as priority6_0_,
        ticket0_.severity as severity7_0_,
        ticket0_.start_date as start_da8_0_,
        ticket0_.status as status9_0_ 
    from
        ticket ticket0_
Resetting system
Hibernate: 
    select
        ticket0_.code as code1_0_,
        ticket0_.creator as creator2_0_,
        ticket0_.estimated_finish_date as estimate3_0_,
        ticket0_.info as info4_0_,
        ticket0_.name as name5_0_,
        ticket0_.priority as priority6_0_,
        ticket0_.severity as severity7_0_,
        ticket0_.start_date as start_da8_0_,
        ticket0_.status as status9_0_ 
    from
        ticket ticket0_

13 Scenarios (?[32m13 passed?[0m)
42 Steps (?[32m42 passed?[0m)
0m0.632s

]]></system-out>
  <system-err><![CDATA[]]></system-err>
</testsuite>
